[2023-03-11 22:12:39,943 ] 14 root-INFO->>>>>>>>>>>>>>>>>>>>>>>>>>>>>>>>>>>>>>>> Data Ingestion <<<<<<<<<<<<<<<<<<<<<<<<<<<<<<<<<<<<<<<<
[2023-03-11 22:12:39,943 ] 21 root-INFO-Exporting collection data as pandas dataframe
[2023-03-11 22:12:40,425 ] 14 root-INFO-Found columns: Index(['_id', 'ID', 'LIMIT_BAL', 'SEX', 'EDUCATION', 'MARRIAGE', 'AGE',
       'PAY_0', 'PAY_2', 'PAY_3', 'PAY_4', 'PAY_5', 'PAY_6', 'BILL_AMT1',
       'BILL_AMT2', 'BILL_AMT3', 'BILL_AMT4', 'BILL_AMT5', 'BILL_AMT6',
       'PAY_AMT1', 'PAY_AMT2', 'PAY_AMT3', 'PAY_AMT4', 'PAY_AMT5', 'PAY_AMT6',
       'default.payment.next.month'],
      dtype='object')
[2023-03-11 22:12:40,425 ] 16 root-INFO-Dropping column: _id 
[2023-03-11 22:12:40,434 ] 18 root-INFO-Row and columns in df: (30000, 25)
[2023-03-11 22:12:40,434 ] 27 root-INFO-Save data in feature store
[2023-03-11 22:12:40,434 ] 32 root-INFO-Create feature store folder if not available
[2023-03-11 22:12:40,435 ] 36 root-INFO-Save df to feature store folder
[2023-03-11 22:12:40,937 ] 41 root-INFO-split dataset into train and test set
[2023-03-11 22:12:40,944 ] 45 root-INFO-create dataset directory folder if not available
[2023-03-11 22:12:40,945 ] 50 root-INFO-Save df to feature store folder
[2023-03-11 22:12:41,432 ] 62 root-INFO-Data ingestion artifact: DataIngestionArtifact(feature_store_file_path='/config/workspace/artifact/03112023__221239/data_ingestion/feature_store/default.csv', train_file_path='/config/workspace/artifact/03112023__221239/data_ingestion/dataset/train.csv', test_file_path='/config/workspace/artifact/03112023__221239/data_ingestion/dataset/test.csv')
[2023-03-11 22:12:41,433 ] 21 root-INFO-Exporting collection data as pandas dataframe
[2023-03-11 22:12:41,965 ] 14 root-INFO-Found columns: Index(['_id', 'ID', 'LIMIT_BAL', 'SEX', 'EDUCATION', 'MARRIAGE', 'AGE',
       'PAY_0', 'PAY_2', 'PAY_3', 'PAY_4', 'PAY_5', 'PAY_6', 'BILL_AMT1',
       'BILL_AMT2', 'BILL_AMT3', 'BILL_AMT4', 'BILL_AMT5', 'BILL_AMT6',
       'PAY_AMT1', 'PAY_AMT2', 'PAY_AMT3', 'PAY_AMT4', 'PAY_AMT5', 'PAY_AMT6',
       'default.payment.next.month'],
      dtype='object')
[2023-03-11 22:12:41,965 ] 16 root-INFO-Dropping column: _id 
[2023-03-11 22:12:41,974 ] 18 root-INFO-Row and columns in df: (30000, 25)
[2023-03-11 22:12:41,974 ] 27 root-INFO-Save data in feature store
[2023-03-11 22:12:41,974 ] 32 root-INFO-Create feature store folder if not available
[2023-03-11 22:12:41,974 ] 36 root-INFO-Save df to feature store folder
[2023-03-11 22:12:42,471 ] 41 root-INFO-split dataset into train and test set
[2023-03-11 22:12:42,476 ] 45 root-INFO-create dataset directory folder if not available
[2023-03-11 22:12:42,477 ] 50 root-INFO-Save df to feature store folder
[2023-03-11 22:12:42,968 ] 62 root-INFO-Data ingestion artifact: DataIngestionArtifact(feature_store_file_path='/config/workspace/artifact/03112023__221239/data_ingestion/feature_store/default.csv', train_file_path='/config/workspace/artifact/03112023__221239/data_ingestion/dataset/train.csv', test_file_path='/config/workspace/artifact/03112023__221239/data_ingestion/dataset/test.csv')
[2023-03-11 22:12:42,968 ] 19 root-INFO->>>>>>>>>>>>>>>>>>>>>>>>>>>>>>>>>>>>>>>> Data Validation <<<<<<<<<<<<<<<<<<<<<<<<<<<<<<<<<<<<<<<<
[2023-03-11 22:12:42,968 ] 107 root-INFO-Reading base dataframe
[2023-03-11 22:12:43,026 ] 40 root-INFO-selecting column name which contains null above to 0.2
[2023-03-11 22:12:43,026 ] 43 root-INFO-Columns to drop: []
[2023-03-11 22:12:43,028 ] 113 root-INFO-Reading train dataframe
[2023-03-11 22:12:43,097 ] 115 root-INFO-Reading test dataframe
[2023-03-11 22:12:43,112 ] 118 root-INFO-Drop null values colums from train df
[2023-03-11 22:12:43,114 ] 40 root-INFO-selecting column name which contains null above to 0.2
[2023-03-11 22:12:43,114 ] 43 root-INFO-Columns to drop: []
[2023-03-11 22:12:43,118 ] 120 root-INFO-Drop null values colums from test df
[2023-03-11 22:12:43,119 ] 40 root-INFO-selecting column name which contains null above to 0.2
[2023-03-11 22:12:43,119 ] 43 root-INFO-Columns to drop: []
[2023-03-11 22:12:43,121 ] 15 root-INFO-Creating model resolver object
[2023-03-11 22:12:43,121 ] 17 root-INFO-Reading file :/config/workspace/UCI_Credit_Card.csv
[2023-03-11 22:12:43,185 ] 22 root-INFO-Loading transformer to transform dataset
