[2023-03-11 22:34:38,322 ] 14 root-INFO->>>>>>>>>>>>>>>>>>>>>>>>>>>>>>>>>>>>>>>> Data Ingestion <<<<<<<<<<<<<<<<<<<<<<<<<<<<<<<<<<<<<<<<
[2023-03-11 22:34:38,323 ] 21 root-INFO-Exporting collection data as pandas dataframe
[2023-03-11 22:34:38,797 ] 14 root-INFO-Found columns: Index(['_id', 'ID', 'LIMIT_BAL', 'SEX', 'EDUCATION', 'MARRIAGE', 'AGE',
       'PAY_0', 'PAY_2', 'PAY_3', 'PAY_4', 'PAY_5', 'PAY_6', 'BILL_AMT1',
       'BILL_AMT2', 'BILL_AMT3', 'BILL_AMT4', 'BILL_AMT5', 'BILL_AMT6',
       'PAY_AMT1', 'PAY_AMT2', 'PAY_AMT3', 'PAY_AMT4', 'PAY_AMT5', 'PAY_AMT6',
       'default.payment.next.month'],
      dtype='object')
[2023-03-11 22:34:38,798 ] 16 root-INFO-Dropping column: _id 
[2023-03-11 22:34:38,808 ] 18 root-INFO-Row and columns in df: (30000, 25)
[2023-03-11 22:34:38,808 ] 27 root-INFO-Save data in feature store
[2023-03-11 22:34:38,808 ] 32 root-INFO-Create feature store folder if not available
[2023-03-11 22:34:38,809 ] 36 root-INFO-Save df to feature store folder
[2023-03-11 22:34:39,310 ] 41 root-INFO-split dataset into train and test set
[2023-03-11 22:34:39,318 ] 45 root-INFO-create dataset directory folder if not available
[2023-03-11 22:34:39,318 ] 50 root-INFO-Save df to feature store folder
[2023-03-11 22:34:39,816 ] 62 root-INFO-Data ingestion artifact: DataIngestionArtifact(feature_store_file_path='/config/workspace/artifact/03112023__223438/data_ingestion/feature_store/default.csv', train_file_path='/config/workspace/artifact/03112023__223438/data_ingestion/dataset/train.csv', test_file_path='/config/workspace/artifact/03112023__223438/data_ingestion/dataset/test.csv')
[2023-03-11 22:34:39,816 ] 21 root-INFO-Exporting collection data as pandas dataframe
[2023-03-11 22:34:40,346 ] 14 root-INFO-Found columns: Index(['_id', 'ID', 'LIMIT_BAL', 'SEX', 'EDUCATION', 'MARRIAGE', 'AGE',
       'PAY_0', 'PAY_2', 'PAY_3', 'PAY_4', 'PAY_5', 'PAY_6', 'BILL_AMT1',
       'BILL_AMT2', 'BILL_AMT3', 'BILL_AMT4', 'BILL_AMT5', 'BILL_AMT6',
       'PAY_AMT1', 'PAY_AMT2', 'PAY_AMT3', 'PAY_AMT4', 'PAY_AMT5', 'PAY_AMT6',
       'default.payment.next.month'],
      dtype='object')
[2023-03-11 22:34:40,346 ] 16 root-INFO-Dropping column: _id 
[2023-03-11 22:34:40,356 ] 18 root-INFO-Row and columns in df: (30000, 25)
[2023-03-11 22:34:40,356 ] 27 root-INFO-Save data in feature store
[2023-03-11 22:34:40,356 ] 32 root-INFO-Create feature store folder if not available
[2023-03-11 22:34:40,356 ] 36 root-INFO-Save df to feature store folder
[2023-03-11 22:34:40,857 ] 41 root-INFO-split dataset into train and test set
[2023-03-11 22:34:40,862 ] 45 root-INFO-create dataset directory folder if not available
[2023-03-11 22:34:40,862 ] 50 root-INFO-Save df to feature store folder
[2023-03-11 22:34:41,353 ] 62 root-INFO-Data ingestion artifact: DataIngestionArtifact(feature_store_file_path='/config/workspace/artifact/03112023__223438/data_ingestion/feature_store/default.csv', train_file_path='/config/workspace/artifact/03112023__223438/data_ingestion/dataset/train.csv', test_file_path='/config/workspace/artifact/03112023__223438/data_ingestion/dataset/test.csv')
[2023-03-11 22:34:41,353 ] 19 root-INFO->>>>>>>>>>>>>>>>>>>>>>>>>>>>>>>>>>>>>>>> Data Validation <<<<<<<<<<<<<<<<<<<<<<<<<<<<<<<<<<<<<<<<
[2023-03-11 22:34:41,353 ] 107 root-INFO-Reading base dataframe
[2023-03-11 22:34:41,414 ] 40 root-INFO-selecting column name which contains null above to 0.2
[2023-03-11 22:34:41,415 ] 43 root-INFO-Columns to drop: []
[2023-03-11 22:34:41,417 ] 113 root-INFO-Reading train dataframe
[2023-03-11 22:34:41,487 ] 115 root-INFO-Reading test dataframe
[2023-03-11 22:34:41,496 ] 118 root-INFO-Drop null values colums from train df
[2023-03-11 22:34:41,498 ] 40 root-INFO-selecting column name which contains null above to 0.2
[2023-03-11 22:34:41,498 ] 43 root-INFO-Columns to drop: []
[2023-03-11 22:34:41,502 ] 120 root-INFO-Drop null values colums from test df
[2023-03-11 22:34:41,503 ] 40 root-INFO-selecting column name which contains null above to 0.2
[2023-03-11 22:34:41,503 ] 43 root-INFO-Columns to drop: []
[2023-03-11 22:34:41,539 ] 129 root-INFO-Is all required columns present in train df
[2023-03-11 22:34:41,540 ] 131 root-INFO-Is all required columns present in test df
[2023-03-11 22:34:41,540 ] 135 root-INFO-As all column are available in train df hence detecting data drift
[2023-03-11 22:34:41,540 ] 85 root-INFO-Hypothesis ID: float64, float64 
[2023-03-11 22:34:41,576 ] 85 root-INFO-Hypothesis LIMIT_BAL: float64, float64 
[2023-03-11 22:34:41,611 ] 85 root-INFO-Hypothesis SEX: float64, float64 
[2023-03-11 22:34:41,643 ] 85 root-INFO-Hypothesis EDUCATION: float64, float64 
[2023-03-11 22:34:41,676 ] 85 root-INFO-Hypothesis MARRIAGE: float64, float64 
[2023-03-11 22:34:41,708 ] 85 root-INFO-Hypothesis AGE: float64, float64 
[2023-03-11 22:34:41,743 ] 85 root-INFO-Hypothesis PAY_0: float64, float64 
[2023-03-11 22:34:41,776 ] 85 root-INFO-Hypothesis PAY_2: float64, float64 
[2023-03-11 22:34:41,809 ] 85 root-INFO-Hypothesis PAY_3: float64, float64 
[2023-03-11 22:34:41,842 ] 85 root-INFO-Hypothesis PAY_4: float64, float64 
[2023-03-11 22:34:41,876 ] 85 root-INFO-Hypothesis PAY_5: float64, float64 
[2023-03-11 22:34:41,909 ] 85 root-INFO-Hypothesis PAY_6: float64, float64 
[2023-03-11 22:34:41,941 ] 85 root-INFO-Hypothesis BILL_AMT1: float64, float64 
[2023-03-11 22:34:41,979 ] 85 root-INFO-Hypothesis BILL_AMT2: float64, float64 
[2023-03-11 22:34:42,016 ] 85 root-INFO-Hypothesis BILL_AMT3: float64, float64 
[2023-03-11 22:34:42,054 ] 85 root-INFO-Hypothesis BILL_AMT4: float64, float64 
[2023-03-11 22:34:42,091 ] 85 root-INFO-Hypothesis BILL_AMT5: float64, float64 
[2023-03-11 22:34:42,129 ] 85 root-INFO-Hypothesis BILL_AMT6: float64, float64 
[2023-03-11 22:34:42,166 ] 85 root-INFO-Hypothesis PAY_AMT1: float64, float64 
[2023-03-11 22:34:42,202 ] 85 root-INFO-Hypothesis PAY_AMT2: float64, float64 
[2023-03-11 22:34:42,210 ] 85 root-INFO-Hypothesis PAY_AMT3: float64, float64 
[2023-03-11 22:34:42,246 ] 85 root-INFO-Hypothesis PAY_AMT4: float64, float64 
[2023-03-11 22:34:42,282 ] 85 root-INFO-Hypothesis PAY_AMT5: float64, float64 
[2023-03-11 22:34:42,319 ] 85 root-INFO-Hypothesis PAY_AMT6: float64, float64 
[2023-03-11 22:34:42,355 ] 85 root-INFO-Hypothesis default.payment.next.month: int64, float64 
[2023-03-11 22:34:42,387 ] 138 root-INFO-As all column are available in test df hence detecting data drift
[2023-03-11 22:34:42,388 ] 85 root-INFO-Hypothesis ID: float64, float64 
[2023-03-11 22:34:42,391 ] 85 root-INFO-Hypothesis LIMIT_BAL: float64, float64 
[2023-03-11 22:34:42,394 ] 85 root-INFO-Hypothesis SEX: float64, float64 
[2023-03-11 22:34:42,402 ] 85 root-INFO-Hypothesis EDUCATION: float64, float64 
[2023-03-11 22:34:42,405 ] 85 root-INFO-Hypothesis MARRIAGE: float64, float64 
[2023-03-11 22:34:42,408 ] 85 root-INFO-Hypothesis AGE: float64, float64 
[2023-03-11 22:34:42,412 ] 85 root-INFO-Hypothesis PAY_0: float64, float64 
[2023-03-11 22:34:42,420 ] 85 root-INFO-Hypothesis PAY_2: float64, float64 
[2023-03-11 22:34:42,423 ] 85 root-INFO-Hypothesis PAY_3: float64, float64 
[2023-03-11 22:34:42,426 ] 85 root-INFO-Hypothesis PAY_4: float64, float64 
[2023-03-11 22:34:42,429 ] 85 root-INFO-Hypothesis PAY_5: float64, float64 
[2023-03-11 22:34:42,432 ] 85 root-INFO-Hypothesis PAY_6: float64, float64 
[2023-03-11 22:34:42,441 ] 85 root-INFO-Hypothesis BILL_AMT1: float64, float64 
[2023-03-11 22:34:42,447 ] 85 root-INFO-Hypothesis BILL_AMT2: float64, float64 
[2023-03-11 22:34:42,452 ] 85 root-INFO-Hypothesis BILL_AMT3: float64, float64 
[2023-03-11 22:34:42,458 ] 85 root-INFO-Hypothesis BILL_AMT4: float64, float64 
[2023-03-11 22:34:42,467 ] 85 root-INFO-Hypothesis BILL_AMT5: float64, float64 
[2023-03-11 22:34:42,472 ] 85 root-INFO-Hypothesis BILL_AMT6: float64, float64 
[2023-03-11 22:34:42,478 ] 85 root-INFO-Hypothesis PAY_AMT1: float64, float64 
[2023-03-11 22:34:42,483 ] 85 root-INFO-Hypothesis PAY_AMT2: float64, float64 
[2023-03-11 22:34:42,488 ] 85 root-INFO-Hypothesis PAY_AMT3: float64, float64 
[2023-03-11 22:34:42,493 ] 85 root-INFO-Hypothesis PAY_AMT4: float64, float64 
[2023-03-11 22:34:42,497 ] 85 root-INFO-Hypothesis PAY_AMT5: float64, float64 
[2023-03-11 22:34:42,502 ] 85 root-INFO-Hypothesis PAY_AMT6: float64, float64 
[2023-03-11 22:34:42,506 ] 85 root-INFO-Hypothesis default.payment.next.month: int64, float64 
[2023-03-11 22:34:42,514 ] 142 root-INFO-Write report in yaml file
[2023-03-11 22:34:42,527 ] 147 root-INFO-Data validation artifact: DataValidationArtifact(report_file_path='/config/workspace/artifact/03112023__223438/data_validation/report.yaml')
[2023-03-11 22:34:42,528 ] 24 root-INFO->>>>>>>>>>>>>>>>>>>>>>>>>>>>>>>>>>>>>>>> Data Transformation <<<<<<<<<<<<<<<<<<<<<<<<<<<<<<<<<<<<<<<<
[2023-03-11 22:34:42,664 ] 75 root-INFO-Before resampling in training set Input: (27000, 24) Target:(27000,)
[2023-03-11 22:34:44,173 ] 77 root-INFO-After resampling in training set Input: (41520, 24) Target:(41520,)
[2023-03-11 22:34:44,173 ] 79 root-INFO-Before resampling in testing set Input: (3000, 24) Target:(3000,)
[2023-03-11 22:34:44,431 ] 81 root-INFO-After resampling in testing set Input: (4610, 24) Target:(4610,)
[2023-03-11 22:34:44,445 ] 44 root-INFO-Entered the save_object method of utils
[2023-03-11 22:34:44,448 ] 48 root-INFO-Exited the save_object method of utils
[2023-03-11 22:34:44,448 ] 44 root-INFO-Entered the save_object method of utils
[2023-03-11 22:34:44,448 ] 48 root-INFO-Exited the save_object method of utils
[2023-03-11 22:34:44,449 ] 112 root-INFO-Data transformation object DataTransformationArtifact(transform_object_path='/config/workspace/artifact/03112023__223438/data_transformation/transformer/transformer.pkl', transformed_train_path='/config/workspace/artifact/03112023__223438/data_transformation/transformed/train.npz', transformed_test_path='/config/workspace/artifact/03112023__223438/data_transformation/transformed/test.npz', target_encoder_path='/config/workspace/artifact/03112023__223438/data_transformation/target_encoder/target_encoder.pkl')
[2023-03-11 22:34:44,451 ] 18 root-INFO->>>>>>>>>>>>>>>>>>>>>>>>>>>>>>>>>>>>>>>> Model Trainer <<<<<<<<<<<<<<<<<<<<<<<<<<<<<<<<<<<<<<<<
[2023-03-11 22:34:44,451 ] 45 root-INFO-Loading train and test array.
[2023-03-11 22:34:44,460 ] 49 root-INFO-Splitting input and target feature from both train and test arr.
[2023-03-11 22:34:44,461 ] 53 root-INFO-Train the model
[2023-03-11 22:35:00,072 ] 56 root-INFO-Calculating f1 train score
[2023-03-11 22:35:01,133 ] 60 root-INFO-Calculating f1 test score
[2023-03-11 22:35:01,276 ] 64 root-INFO-train score:1.0 and tests score 0.7848282442748091
[2023-03-11 22:35:01,276 ] 66 root-INFO-Checking if our model is underfitting or not
[2023-03-11 22:35:01,277 ] 71 root-INFO-Checking if our model is overfiiting or not
[2023-03-11 22:35:01,277 ] 78 root-INFO-Saving mode object
[2023-03-11 22:35:01,277 ] 44 root-INFO-Entered the save_object method of utils
[2023-03-11 22:35:01,445 ] 48 root-INFO-Exited the save_object method of utils
[2023-03-11 22:35:01,445 ] 82 root-INFO-Prepare the artifact
[2023-03-11 22:35:01,445 ] 85 root-INFO-Model trainer artifact: ModelTrainerArtifact(model_path='/config/workspace/artifact/03112023__223438/model_trainer/model/model.pkl', f1_train_score=1.0, f1_test_score=0.7848282442748091)
[2023-03-11 22:35:01,447 ] 19 root-INFO->>>>>>>>>>>>>>>>>>>>>>>>>>>>>>>>>>>>>>>>  Model Evaluation <<<<<<<<<<<<<<<<<<<<<<<<<<<<<<<<<<<<<<<<
[2023-03-11 22:35:01,448 ] 35 root-INFO-if saved model folder has model the we will compare which model is best trained or the model from saved model folder
[2023-03-11 22:35:01,448 ] 46 root-INFO-Finding location of transformer model and target encoder
[2023-03-11 22:35:01,448 ] 51 root-INFO-Previous trained objects of transformer, model and target encoder
[2023-03-11 22:35:01,517 ] 58 root-INFO-Currently trained model objects
[2023-03-11 22:35:01,708 ] 15 root-INFO-Creating model resolver object
[2023-03-11 22:35:01,708 ] 17 root-INFO-Reading file :/config/workspace/UCI_Credit_Card.csv
[2023-03-11 22:35:01,762 ] 22 root-INFO-Loading transformer to transform dataset
[2023-03-11 22:35:01,774 ] 28 root-INFO-Loading model to make prediction
[2023-03-11 22:35:02,620 ] 32 root-INFO-Target encoder to convert predicted column into categorical
