[2023-03-11 23:17:02,755 ] 14 root-INFO->>>>>>>>>>>>>>>>>>>>>>>>>>>>>>>>>>>>>>>> Data Ingestion <<<<<<<<<<<<<<<<<<<<<<<<<<<<<<<<<<<<<<<<
[2023-03-11 23:17:02,756 ] 21 root-INFO-Exporting collection data as pandas dataframe
[2023-03-11 23:17:03,226 ] 14 root-INFO-Found columns: Index(['_id', 'ID', 'LIMIT_BAL', 'SEX', 'EDUCATION', 'MARRIAGE', 'AGE',
       'PAY_0', 'PAY_2', 'PAY_3', 'PAY_4', 'PAY_5', 'PAY_6', 'BILL_AMT1',
       'BILL_AMT2', 'BILL_AMT3', 'BILL_AMT4', 'BILL_AMT5', 'BILL_AMT6',
       'PAY_AMT1', 'PAY_AMT2', 'PAY_AMT3', 'PAY_AMT4', 'PAY_AMT5', 'PAY_AMT6',
       'default.payment.next.month'],
      dtype='object')
[2023-03-11 23:17:03,226 ] 16 root-INFO-Dropping column: _id 
[2023-03-11 23:17:03,237 ] 18 root-INFO-Row and columns in df: (30000, 25)
[2023-03-11 23:17:03,237 ] 27 root-INFO-Save data in feature store
[2023-03-11 23:17:03,237 ] 32 root-INFO-Create feature store folder if not available
[2023-03-11 23:17:03,238 ] 36 root-INFO-Save df to feature store folder
[2023-03-11 23:17:03,770 ] 41 root-INFO-split dataset into train and test set
[2023-03-11 23:17:03,779 ] 45 root-INFO-create dataset directory folder if not available
[2023-03-11 23:17:03,780 ] 50 root-INFO-Save df to feature store folder
[2023-03-11 23:17:04,292 ] 62 root-INFO-Data ingestion artifact: DataIngestionArtifact(feature_store_file_path='/config/workspace/artifact/03112023__231702/data_ingestion/feature_store/default.csv', train_file_path='/config/workspace/artifact/03112023__231702/data_ingestion/dataset/train.csv', test_file_path='/config/workspace/artifact/03112023__231702/data_ingestion/dataset/test.csv')
[2023-03-11 23:17:04,292 ] 21 root-INFO-Exporting collection data as pandas dataframe
[2023-03-11 23:17:04,867 ] 14 root-INFO-Found columns: Index(['_id', 'ID', 'LIMIT_BAL', 'SEX', 'EDUCATION', 'MARRIAGE', 'AGE',
       'PAY_0', 'PAY_2', 'PAY_3', 'PAY_4', 'PAY_5', 'PAY_6', 'BILL_AMT1',
       'BILL_AMT2', 'BILL_AMT3', 'BILL_AMT4', 'BILL_AMT5', 'BILL_AMT6',
       'PAY_AMT1', 'PAY_AMT2', 'PAY_AMT3', 'PAY_AMT4', 'PAY_AMT5', 'PAY_AMT6',
       'default.payment.next.month'],
      dtype='object')
[2023-03-11 23:17:04,867 ] 16 root-INFO-Dropping column: _id 
[2023-03-11 23:17:04,877 ] 18 root-INFO-Row and columns in df: (30000, 25)
[2023-03-11 23:17:04,877 ] 27 root-INFO-Save data in feature store
[2023-03-11 23:17:04,877 ] 32 root-INFO-Create feature store folder if not available
[2023-03-11 23:17:04,878 ] 36 root-INFO-Save df to feature store folder
[2023-03-11 23:17:05,391 ] 41 root-INFO-split dataset into train and test set
[2023-03-11 23:17:05,396 ] 45 root-INFO-create dataset directory folder if not available
[2023-03-11 23:17:05,396 ] 50 root-INFO-Save df to feature store folder
[2023-03-11 23:17:05,920 ] 62 root-INFO-Data ingestion artifact: DataIngestionArtifact(feature_store_file_path='/config/workspace/artifact/03112023__231702/data_ingestion/feature_store/default.csv', train_file_path='/config/workspace/artifact/03112023__231702/data_ingestion/dataset/train.csv', test_file_path='/config/workspace/artifact/03112023__231702/data_ingestion/dataset/test.csv')
[2023-03-11 23:17:05,921 ] 19 root-INFO->>>>>>>>>>>>>>>>>>>>>>>>>>>>>>>>>>>>>>>> Data Validation <<<<<<<<<<<<<<<<<<<<<<<<<<<<<<<<<<<<<<<<
[2023-03-11 23:17:05,921 ] 107 root-INFO-Reading base dataframe
[2023-03-11 23:17:05,979 ] 40 root-INFO-selecting column name which contains null above to 0.2
[2023-03-11 23:17:05,979 ] 43 root-INFO-Columns to drop: []
[2023-03-11 23:17:05,981 ] 113 root-INFO-Reading train dataframe
[2023-03-11 23:17:06,050 ] 115 root-INFO-Reading test dataframe
[2023-03-11 23:17:06,059 ] 118 root-INFO-Drop null values colums from train df
[2023-03-11 23:17:06,061 ] 40 root-INFO-selecting column name which contains null above to 0.2
[2023-03-11 23:17:06,061 ] 43 root-INFO-Columns to drop: []
[2023-03-11 23:17:06,065 ] 120 root-INFO-Drop null values colums from test df
[2023-03-11 23:17:06,066 ] 40 root-INFO-selecting column name which contains null above to 0.2
[2023-03-11 23:17:06,066 ] 43 root-INFO-Columns to drop: []
[2023-03-11 23:17:06,070 ] 15 root-INFO-Creating model resolver object
[2023-03-11 23:17:06,070 ] 17 root-INFO-Reading file :/config/workspace/UCI_Credit_Card.csv
[2023-03-11 23:17:06,133 ] 22 root-INFO-Loading transformer to transform dataset
[2023-03-11 23:17:06,147 ] 28 root-INFO-Loading model to make prediction
[2023-03-11 23:17:07,015 ] 32 root-INFO-Target encoder to convert predicted column into categorical
