[2023-03-11 22:29:13,743 ] 14 root-INFO->>>>>>>>>>>>>>>>>>>>>>>>>>>>>>>>>>>>>>>> Data Ingestion <<<<<<<<<<<<<<<<<<<<<<<<<<<<<<<<<<<<<<<<
[2023-03-11 22:29:13,743 ] 21 root-INFO-Exporting collection data as pandas dataframe
[2023-03-11 22:29:14,210 ] 14 root-INFO-Found columns: Index(['_id', 'ID', 'LIMIT_BAL', 'SEX', 'EDUCATION', 'MARRIAGE', 'AGE',
       'PAY_0', 'PAY_2', 'PAY_3', 'PAY_4', 'PAY_5', 'PAY_6', 'BILL_AMT1',
       'BILL_AMT2', 'BILL_AMT3', 'BILL_AMT4', 'BILL_AMT5', 'BILL_AMT6',
       'PAY_AMT1', 'PAY_AMT2', 'PAY_AMT3', 'PAY_AMT4', 'PAY_AMT5', 'PAY_AMT6',
       'default.payment.next.month'],
      dtype='object')
[2023-03-11 22:29:14,210 ] 16 root-INFO-Dropping column: _id 
[2023-03-11 22:29:14,218 ] 18 root-INFO-Row and columns in df: (30000, 25)
[2023-03-11 22:29:14,219 ] 27 root-INFO-Save data in feature store
[2023-03-11 22:29:14,219 ] 32 root-INFO-Create feature store folder if not available
[2023-03-11 22:29:14,219 ] 36 root-INFO-Save df to feature store folder
[2023-03-11 22:29:14,719 ] 41 root-INFO-split dataset into train and test set
[2023-03-11 22:29:14,726 ] 45 root-INFO-create dataset directory folder if not available
[2023-03-11 22:29:14,726 ] 50 root-INFO-Save df to feature store folder
[2023-03-11 22:29:15,233 ] 62 root-INFO-Data ingestion artifact: DataIngestionArtifact(feature_store_file_path='/config/workspace/artifact/03112023__222913/data_ingestion/feature_store/default.csv', train_file_path='/config/workspace/artifact/03112023__222913/data_ingestion/dataset/train.csv', test_file_path='/config/workspace/artifact/03112023__222913/data_ingestion/dataset/test.csv')
[2023-03-11 22:29:15,233 ] 21 root-INFO-Exporting collection data as pandas dataframe
[2023-03-11 22:29:15,762 ] 14 root-INFO-Found columns: Index(['_id', 'ID', 'LIMIT_BAL', 'SEX', 'EDUCATION', 'MARRIAGE', 'AGE',
       'PAY_0', 'PAY_2', 'PAY_3', 'PAY_4', 'PAY_5', 'PAY_6', 'BILL_AMT1',
       'BILL_AMT2', 'BILL_AMT3', 'BILL_AMT4', 'BILL_AMT5', 'BILL_AMT6',
       'PAY_AMT1', 'PAY_AMT2', 'PAY_AMT3', 'PAY_AMT4', 'PAY_AMT5', 'PAY_AMT6',
       'default.payment.next.month'],
      dtype='object')
[2023-03-11 22:29:15,762 ] 16 root-INFO-Dropping column: _id 
[2023-03-11 22:29:15,770 ] 18 root-INFO-Row and columns in df: (30000, 25)
[2023-03-11 22:29:15,770 ] 27 root-INFO-Save data in feature store
[2023-03-11 22:29:15,770 ] 32 root-INFO-Create feature store folder if not available
[2023-03-11 22:29:15,771 ] 36 root-INFO-Save df to feature store folder
[2023-03-11 22:29:16,274 ] 41 root-INFO-split dataset into train and test set
[2023-03-11 22:29:16,278 ] 45 root-INFO-create dataset directory folder if not available
[2023-03-11 22:29:16,279 ] 50 root-INFO-Save df to feature store folder
[2023-03-11 22:29:16,778 ] 62 root-INFO-Data ingestion artifact: DataIngestionArtifact(feature_store_file_path='/config/workspace/artifact/03112023__222913/data_ingestion/feature_store/default.csv', train_file_path='/config/workspace/artifact/03112023__222913/data_ingestion/dataset/train.csv', test_file_path='/config/workspace/artifact/03112023__222913/data_ingestion/dataset/test.csv')
[2023-03-11 22:29:16,778 ] 19 root-INFO->>>>>>>>>>>>>>>>>>>>>>>>>>>>>>>>>>>>>>>> Data Validation <<<<<<<<<<<<<<<<<<<<<<<<<<<<<<<<<<<<<<<<
[2023-03-11 22:29:16,778 ] 107 root-INFO-Reading base dataframe
[2023-03-11 22:29:16,835 ] 40 root-INFO-selecting column name which contains null above to 0.2
[2023-03-11 22:29:16,835 ] 43 root-INFO-Columns to drop: []
[2023-03-11 22:29:16,837 ] 113 root-INFO-Reading train dataframe
[2023-03-11 22:29:16,909 ] 115 root-INFO-Reading test dataframe
[2023-03-11 22:29:16,918 ] 118 root-INFO-Drop null values colums from train df
[2023-03-11 22:29:16,920 ] 40 root-INFO-selecting column name which contains null above to 0.2
[2023-03-11 22:29:16,920 ] 43 root-INFO-Columns to drop: []
[2023-03-11 22:29:16,923 ] 120 root-INFO-Drop null values colums from test df
[2023-03-11 22:29:16,924 ] 40 root-INFO-selecting column name which contains null above to 0.2
[2023-03-11 22:29:16,925 ] 43 root-INFO-Columns to drop: []
[2023-03-11 22:29:16,960 ] 129 root-INFO-Is all required columns present in train df
[2023-03-11 22:29:16,960 ] 131 root-INFO-Is all required columns present in test df
[2023-03-11 22:29:16,960 ] 135 root-INFO-As all column are available in train df hence detecting data drift
[2023-03-11 22:29:16,961 ] 85 root-INFO-Hypothesis ID: float64, float64 
[2023-03-11 22:29:16,996 ] 85 root-INFO-Hypothesis LIMIT_BAL: float64, float64 
[2023-03-11 22:29:17,032 ] 85 root-INFO-Hypothesis SEX: float64, float64 
[2023-03-11 22:29:17,064 ] 85 root-INFO-Hypothesis EDUCATION: float64, float64 
[2023-03-11 22:29:17,098 ] 85 root-INFO-Hypothesis MARRIAGE: float64, float64 
[2023-03-11 22:29:17,130 ] 85 root-INFO-Hypothesis AGE: float64, float64 
[2023-03-11 22:29:17,164 ] 85 root-INFO-Hypothesis PAY_0: float64, float64 
[2023-03-11 22:29:17,198 ] 85 root-INFO-Hypothesis PAY_2: float64, float64 
[2023-03-11 22:29:17,232 ] 85 root-INFO-Hypothesis PAY_3: float64, float64 
[2023-03-11 22:29:17,264 ] 85 root-INFO-Hypothesis PAY_4: float64, float64 
[2023-03-11 22:29:17,298 ] 85 root-INFO-Hypothesis PAY_5: float64, float64 
[2023-03-11 22:29:17,330 ] 85 root-INFO-Hypothesis PAY_6: float64, float64 
[2023-03-11 22:29:17,363 ] 85 root-INFO-Hypothesis BILL_AMT1: float64, float64 
[2023-03-11 22:29:17,401 ] 85 root-INFO-Hypothesis BILL_AMT2: float64, float64 
[2023-03-11 22:29:17,440 ] 85 root-INFO-Hypothesis BILL_AMT3: float64, float64 
[2023-03-11 22:29:17,478 ] 85 root-INFO-Hypothesis BILL_AMT4: float64, float64 
[2023-03-11 22:29:17,514 ] 85 root-INFO-Hypothesis BILL_AMT5: float64, float64 
[2023-03-11 22:29:17,552 ] 85 root-INFO-Hypothesis BILL_AMT6: float64, float64 
[2023-03-11 22:29:17,589 ] 85 root-INFO-Hypothesis PAY_AMT1: float64, float64 
[2023-03-11 22:29:17,625 ] 85 root-INFO-Hypothesis PAY_AMT2: float64, float64 
[2023-03-11 22:29:17,633 ] 85 root-INFO-Hypothesis PAY_AMT3: float64, float64 
[2023-03-11 22:29:17,669 ] 85 root-INFO-Hypothesis PAY_AMT4: float64, float64 
[2023-03-11 22:29:17,705 ] 85 root-INFO-Hypothesis PAY_AMT5: float64, float64 
[2023-03-11 22:29:17,742 ] 85 root-INFO-Hypothesis PAY_AMT6: float64, float64 
[2023-03-11 22:29:17,776 ] 85 root-INFO-Hypothesis default.payment.next.month: int64, float64 
[2023-03-11 22:29:17,808 ] 138 root-INFO-As all column are available in test df hence detecting data drift
[2023-03-11 22:29:17,808 ] 85 root-INFO-Hypothesis ID: float64, float64 
[2023-03-11 22:29:17,811 ] 85 root-INFO-Hypothesis LIMIT_BAL: float64, float64 
[2023-03-11 22:29:17,814 ] 85 root-INFO-Hypothesis SEX: float64, float64 
[2023-03-11 22:29:17,822 ] 85 root-INFO-Hypothesis EDUCATION: float64, float64 
[2023-03-11 22:29:17,825 ] 85 root-INFO-Hypothesis MARRIAGE: float64, float64 
[2023-03-11 22:29:17,828 ] 85 root-INFO-Hypothesis AGE: float64, float64 
[2023-03-11 22:29:17,832 ] 85 root-INFO-Hypothesis PAY_0: float64, float64 
[2023-03-11 22:29:17,841 ] 85 root-INFO-Hypothesis PAY_2: float64, float64 
[2023-03-11 22:29:17,843 ] 85 root-INFO-Hypothesis PAY_3: float64, float64 
[2023-03-11 22:29:17,846 ] 85 root-INFO-Hypothesis PAY_4: float64, float64 
[2023-03-11 22:29:17,849 ] 85 root-INFO-Hypothesis PAY_5: float64, float64 
[2023-03-11 22:29:17,852 ] 85 root-INFO-Hypothesis PAY_6: float64, float64 
[2023-03-11 22:29:17,861 ] 85 root-INFO-Hypothesis BILL_AMT1: float64, float64 
[2023-03-11 22:29:17,866 ] 85 root-INFO-Hypothesis BILL_AMT2: float64, float64 
[2023-03-11 22:29:17,872 ] 85 root-INFO-Hypothesis BILL_AMT3: float64, float64 
[2023-03-11 22:29:17,877 ] 85 root-INFO-Hypothesis BILL_AMT4: float64, float64 
[2023-03-11 22:29:17,882 ] 85 root-INFO-Hypothesis BILL_AMT5: float64, float64 
[2023-03-11 22:29:17,887 ] 85 root-INFO-Hypothesis BILL_AMT6: float64, float64 
[2023-03-11 22:29:17,893 ] 85 root-INFO-Hypothesis PAY_AMT1: float64, float64 
[2023-03-11 22:29:17,897 ] 85 root-INFO-Hypothesis PAY_AMT2: float64, float64 
[2023-03-11 22:29:17,902 ] 85 root-INFO-Hypothesis PAY_AMT3: float64, float64 
[2023-03-11 22:29:17,906 ] 85 root-INFO-Hypothesis PAY_AMT4: float64, float64 
[2023-03-11 22:29:17,911 ] 85 root-INFO-Hypothesis PAY_AMT5: float64, float64 
[2023-03-11 22:29:17,916 ] 85 root-INFO-Hypothesis PAY_AMT6: float64, float64 
[2023-03-11 22:29:17,920 ] 85 root-INFO-Hypothesis default.payment.next.month: int64, float64 
[2023-03-11 22:29:17,928 ] 142 root-INFO-Write report in yaml file
[2023-03-11 22:29:17,940 ] 147 root-INFO-Data validation artifact: DataValidationArtifact(report_file_path='/config/workspace/artifact/03112023__222913/data_validation/report.yaml')
[2023-03-11 22:29:17,941 ] 24 root-INFO->>>>>>>>>>>>>>>>>>>>>>>>>>>>>>>>>>>>>>>> Data Transformation <<<<<<<<<<<<<<<<<<<<<<<<<<<<<<<<<<<<<<<<
[2023-03-11 22:29:18,076 ] 75 root-INFO-Before resampling in training set Input: (27000, 24) Target:(27000,)
[2023-03-11 22:29:20,098 ] 77 root-INFO-After resampling in training set Input: (41520, 24) Target:(41520,)
[2023-03-11 22:29:20,098 ] 79 root-INFO-Before resampling in testing set Input: (3000, 24) Target:(3000,)
[2023-03-11 22:29:20,405 ] 81 root-INFO-After resampling in testing set Input: (4610, 24) Target:(4610,)
[2023-03-11 22:29:20,419 ] 44 root-INFO-Entered the save_object method of utils
[2023-03-11 22:29:20,422 ] 48 root-INFO-Exited the save_object method of utils
[2023-03-11 22:29:20,422 ] 44 root-INFO-Entered the save_object method of utils
[2023-03-11 22:29:20,422 ] 48 root-INFO-Exited the save_object method of utils
[2023-03-11 22:29:20,422 ] 112 root-INFO-Data transformation object DataTransformationArtifact(transform_object_path='/config/workspace/artifact/03112023__222913/data_transformation/transformer/transformer.pkl', transformed_train_path='/config/workspace/artifact/03112023__222913/data_transformation/transformed/train.npz', transformed_test_path='/config/workspace/artifact/03112023__222913/data_transformation/transformed/test.npz', target_encoder_path='/config/workspace/artifact/03112023__222913/data_transformation/target_encoder/target_encoder.pkl')
[2023-03-11 22:29:20,425 ] 18 root-INFO->>>>>>>>>>>>>>>>>>>>>>>>>>>>>>>>>>>>>>>> Model Trainer <<<<<<<<<<<<<<<<<<<<<<<<<<<<<<<<<<<<<<<<
[2023-03-11 22:29:20,425 ] 45 root-INFO-Loading train and test array.
[2023-03-11 22:29:20,434 ] 49 root-INFO-Splitting input and target feature from both train and test arr.
[2023-03-11 22:29:20,434 ] 53 root-INFO-Train the model
[2023-03-11 22:29:36,363 ] 56 root-INFO-Calculating f1 train score
[2023-03-11 22:29:37,433 ] 60 root-INFO-Calculating f1 test score
[2023-03-11 22:29:37,572 ] 64 root-INFO-train score:0.9999759146414895 and tests score 0.7845567206863682
[2023-03-11 22:29:37,573 ] 66 root-INFO-Checking if our model is underfitting or not
[2023-03-11 22:29:37,573 ] 71 root-INFO-Checking if our model is overfiiting or not
[2023-03-11 22:29:37,573 ] 78 root-INFO-Saving mode object
[2023-03-11 22:29:37,573 ] 44 root-INFO-Entered the save_object method of utils
[2023-03-11 22:29:37,737 ] 48 root-INFO-Exited the save_object method of utils
[2023-03-11 22:29:37,737 ] 82 root-INFO-Prepare the artifact
[2023-03-11 22:29:37,738 ] 85 root-INFO-Model trainer artifact: ModelTrainerArtifact(model_path='/config/workspace/artifact/03112023__222913/model_trainer/model/model.pkl', f1_train_score=0.9999759146414895, f1_test_score=0.7845567206863682)
[2023-03-11 22:29:37,742 ] 19 root-INFO->>>>>>>>>>>>>>>>>>>>>>>>>>>>>>>>>>>>>>>>  Model Evaluation <<<<<<<<<<<<<<<<<<<<<<<<<<<<<<<<<<<<<<<<
[2023-03-11 22:29:37,742 ] 35 root-INFO-if saved model folder has model the we will compare which model is best trained or the model from saved model folder
[2023-03-11 22:29:37,743 ] 46 root-INFO-Finding location of transformer model and target encoder
[2023-03-11 22:29:37,743 ] 51 root-INFO-Previous trained objects of transformer, model and target encoder
[2023-03-11 22:29:37,816 ] 58 root-INFO-Currently trained model objects
