[2023-03-11 23:04:11,702 ] 14 root-INFO->>>>>>>>>>>>>>>>>>>>>>>>>>>>>>>>>>>>>>>> Data Ingestion <<<<<<<<<<<<<<<<<<<<<<<<<<<<<<<<<<<<<<<<
[2023-03-11 23:04:11,702 ] 21 root-INFO-Exporting collection data as pandas dataframe
[2023-03-11 23:04:12,171 ] 14 root-INFO-Found columns: Index(['_id', 'ID', 'LIMIT_BAL', 'SEX', 'EDUCATION', 'MARRIAGE', 'AGE',
       'PAY_0', 'PAY_2', 'PAY_3', 'PAY_4', 'PAY_5', 'PAY_6', 'BILL_AMT1',
       'BILL_AMT2', 'BILL_AMT3', 'BILL_AMT4', 'BILL_AMT5', 'BILL_AMT6',
       'PAY_AMT1', 'PAY_AMT2', 'PAY_AMT3', 'PAY_AMT4', 'PAY_AMT5', 'PAY_AMT6',
       'default.payment.next.month'],
      dtype='object')
[2023-03-11 23:04:12,172 ] 16 root-INFO-Dropping column: _id 
[2023-03-11 23:04:12,182 ] 18 root-INFO-Row and columns in df: (30000, 25)
[2023-03-11 23:04:12,183 ] 27 root-INFO-Save data in feature store
[2023-03-11 23:04:12,183 ] 32 root-INFO-Create feature store folder if not available
[2023-03-11 23:04:12,183 ] 36 root-INFO-Save df to feature store folder
[2023-03-11 23:04:12,715 ] 41 root-INFO-split dataset into train and test set
[2023-03-11 23:04:12,724 ] 45 root-INFO-create dataset directory folder if not available
[2023-03-11 23:04:12,724 ] 50 root-INFO-Save df to feature store folder
[2023-03-11 23:04:13,228 ] 62 root-INFO-Data ingestion artifact: DataIngestionArtifact(feature_store_file_path='/config/workspace/artifact/03112023__230411/data_ingestion/feature_store/default.csv', train_file_path='/config/workspace/artifact/03112023__230411/data_ingestion/dataset/train.csv', test_file_path='/config/workspace/artifact/03112023__230411/data_ingestion/dataset/test.csv')
[2023-03-11 23:04:13,228 ] 21 root-INFO-Exporting collection data as pandas dataframe
[2023-03-11 23:04:13,796 ] 14 root-INFO-Found columns: Index(['_id', 'ID', 'LIMIT_BAL', 'SEX', 'EDUCATION', 'MARRIAGE', 'AGE',
       'PAY_0', 'PAY_2', 'PAY_3', 'PAY_4', 'PAY_5', 'PAY_6', 'BILL_AMT1',
       'BILL_AMT2', 'BILL_AMT3', 'BILL_AMT4', 'BILL_AMT5', 'BILL_AMT6',
       'PAY_AMT1', 'PAY_AMT2', 'PAY_AMT3', 'PAY_AMT4', 'PAY_AMT5', 'PAY_AMT6',
       'default.payment.next.month'],
      dtype='object')
[2023-03-11 23:04:13,796 ] 16 root-INFO-Dropping column: _id 
[2023-03-11 23:04:13,806 ] 18 root-INFO-Row and columns in df: (30000, 25)
[2023-03-11 23:04:13,806 ] 27 root-INFO-Save data in feature store
[2023-03-11 23:04:13,806 ] 32 root-INFO-Create feature store folder if not available
[2023-03-11 23:04:13,806 ] 36 root-INFO-Save df to feature store folder
[2023-03-11 23:04:14,312 ] 41 root-INFO-split dataset into train and test set
[2023-03-11 23:04:14,316 ] 45 root-INFO-create dataset directory folder if not available
[2023-03-11 23:04:14,317 ] 50 root-INFO-Save df to feature store folder
[2023-03-11 23:04:14,830 ] 62 root-INFO-Data ingestion artifact: DataIngestionArtifact(feature_store_file_path='/config/workspace/artifact/03112023__230411/data_ingestion/feature_store/default.csv', train_file_path='/config/workspace/artifact/03112023__230411/data_ingestion/dataset/train.csv', test_file_path='/config/workspace/artifact/03112023__230411/data_ingestion/dataset/test.csv')
[2023-03-11 23:04:14,830 ] 19 root-INFO->>>>>>>>>>>>>>>>>>>>>>>>>>>>>>>>>>>>>>>> Data Validation <<<<<<<<<<<<<<<<<<<<<<<<<<<<<<<<<<<<<<<<
[2023-03-11 23:04:14,830 ] 107 root-INFO-Reading base dataframe
[2023-03-11 23:04:14,890 ] 40 root-INFO-selecting column name which contains null above to 0.2
[2023-03-11 23:04:14,891 ] 43 root-INFO-Columns to drop: []
[2023-03-11 23:04:14,893 ] 113 root-INFO-Reading train dataframe
[2023-03-11 23:04:14,963 ] 115 root-INFO-Reading test dataframe
[2023-03-11 23:04:14,972 ] 118 root-INFO-Drop null values colums from train df
[2023-03-11 23:04:14,974 ] 40 root-INFO-selecting column name which contains null above to 0.2
[2023-03-11 23:04:14,975 ] 43 root-INFO-Columns to drop: []
[2023-03-11 23:04:14,978 ] 120 root-INFO-Drop null values colums from test df
[2023-03-11 23:04:14,979 ] 40 root-INFO-selecting column name which contains null above to 0.2
[2023-03-11 23:04:14,979 ] 43 root-INFO-Columns to drop: []
[2023-03-11 23:04:15,015 ] 129 root-INFO-Is all required columns present in train df
[2023-03-11 23:04:15,015 ] 131 root-INFO-Is all required columns present in test df
[2023-03-11 23:04:15,016 ] 135 root-INFO-As all column are available in train df hence detecting data drift
[2023-03-11 23:04:15,016 ] 85 root-INFO-Hypothesis ID: float64, float64 
[2023-03-11 23:04:15,052 ] 85 root-INFO-Hypothesis LIMIT_BAL: float64, float64 
[2023-03-11 23:04:15,086 ] 85 root-INFO-Hypothesis SEX: float64, float64 
[2023-03-11 23:04:15,118 ] 85 root-INFO-Hypothesis EDUCATION: float64, float64 
[2023-03-11 23:04:15,151 ] 85 root-INFO-Hypothesis MARRIAGE: float64, float64 
[2023-03-11 23:04:15,183 ] 85 root-INFO-Hypothesis AGE: float64, float64 
[2023-03-11 23:04:15,217 ] 85 root-INFO-Hypothesis PAY_0: float64, float64 
[2023-03-11 23:04:15,249 ] 85 root-INFO-Hypothesis PAY_2: float64, float64 
[2023-03-11 23:04:15,283 ] 85 root-INFO-Hypothesis PAY_3: float64, float64 
[2023-03-11 23:04:15,315 ] 85 root-INFO-Hypothesis PAY_4: float64, float64 
[2023-03-11 23:04:15,349 ] 85 root-INFO-Hypothesis PAY_5: float64, float64 
[2023-03-11 23:04:15,383 ] 85 root-INFO-Hypothesis PAY_6: float64, float64 
[2023-03-11 23:04:15,417 ] 85 root-INFO-Hypothesis BILL_AMT1: float64, float64 
[2023-03-11 23:04:15,456 ] 85 root-INFO-Hypothesis BILL_AMT2: float64, float64 
[2023-03-11 23:04:15,493 ] 85 root-INFO-Hypothesis BILL_AMT3: float64, float64 
[2023-03-11 23:04:15,531 ] 85 root-INFO-Hypothesis BILL_AMT4: float64, float64 
[2023-03-11 23:04:15,569 ] 85 root-INFO-Hypothesis BILL_AMT5: float64, float64 
[2023-03-11 23:04:15,606 ] 85 root-INFO-Hypothesis BILL_AMT6: float64, float64 
[2023-03-11 23:04:15,643 ] 85 root-INFO-Hypothesis PAY_AMT1: float64, float64 
[2023-03-11 23:04:15,679 ] 85 root-INFO-Hypothesis PAY_AMT2: float64, float64 
[2023-03-11 23:04:15,687 ] 85 root-INFO-Hypothesis PAY_AMT3: float64, float64 
[2023-03-11 23:04:15,727 ] 85 root-INFO-Hypothesis PAY_AMT4: float64, float64 
[2023-03-11 23:04:15,764 ] 85 root-INFO-Hypothesis PAY_AMT5: float64, float64 
[2023-03-11 23:04:15,799 ] 85 root-INFO-Hypothesis PAY_AMT6: float64, float64 
[2023-03-11 23:04:15,835 ] 85 root-INFO-Hypothesis default.payment.next.month: int64, float64 
[2023-03-11 23:04:15,866 ] 138 root-INFO-As all column are available in test df hence detecting data drift
[2023-03-11 23:04:15,867 ] 85 root-INFO-Hypothesis ID: float64, float64 
[2023-03-11 23:04:15,870 ] 85 root-INFO-Hypothesis LIMIT_BAL: float64, float64 
[2023-03-11 23:04:15,873 ] 85 root-INFO-Hypothesis SEX: float64, float64 
[2023-03-11 23:04:15,881 ] 85 root-INFO-Hypothesis EDUCATION: float64, float64 
[2023-03-11 23:04:15,884 ] 85 root-INFO-Hypothesis MARRIAGE: float64, float64 
[2023-03-11 23:04:15,887 ] 85 root-INFO-Hypothesis AGE: float64, float64 
[2023-03-11 23:04:15,890 ] 85 root-INFO-Hypothesis PAY_0: float64, float64 
[2023-03-11 23:04:15,899 ] 85 root-INFO-Hypothesis PAY_2: float64, float64 
[2023-03-11 23:04:15,902 ] 85 root-INFO-Hypothesis PAY_3: float64, float64 
[2023-03-11 23:04:15,905 ] 85 root-INFO-Hypothesis PAY_4: float64, float64 
[2023-03-11 23:04:15,908 ] 85 root-INFO-Hypothesis PAY_5: float64, float64 
[2023-03-11 23:04:15,911 ] 85 root-INFO-Hypothesis PAY_6: float64, float64 
[2023-03-11 23:04:15,920 ] 85 root-INFO-Hypothesis BILL_AMT1: float64, float64 
[2023-03-11 23:04:15,925 ] 85 root-INFO-Hypothesis BILL_AMT2: float64, float64 
[2023-03-11 23:04:15,931 ] 85 root-INFO-Hypothesis BILL_AMT3: float64, float64 
[2023-03-11 23:04:15,936 ] 85 root-INFO-Hypothesis BILL_AMT4: float64, float64 
[2023-03-11 23:04:15,941 ] 85 root-INFO-Hypothesis BILL_AMT5: float64, float64 
[2023-03-11 23:04:15,946 ] 85 root-INFO-Hypothesis BILL_AMT6: float64, float64 
[2023-03-11 23:04:15,951 ] 85 root-INFO-Hypothesis PAY_AMT1: float64, float64 
[2023-03-11 23:04:15,956 ] 85 root-INFO-Hypothesis PAY_AMT2: float64, float64 
[2023-03-11 23:04:15,961 ] 85 root-INFO-Hypothesis PAY_AMT3: float64, float64 
[2023-03-11 23:04:15,965 ] 85 root-INFO-Hypothesis PAY_AMT4: float64, float64 
[2023-03-11 23:04:15,970 ] 85 root-INFO-Hypothesis PAY_AMT5: float64, float64 
[2023-03-11 23:04:15,974 ] 85 root-INFO-Hypothesis PAY_AMT6: float64, float64 
[2023-03-11 23:04:15,979 ] 85 root-INFO-Hypothesis default.payment.next.month: int64, float64 
[2023-03-11 23:04:15,986 ] 142 root-INFO-Write report in yaml file
[2023-03-11 23:04:15,999 ] 147 root-INFO-Data validation artifact: DataValidationArtifact(report_file_path='/config/workspace/artifact/03112023__230411/data_validation/report.yaml')
[2023-03-11 23:04:15,999 ] 24 root-INFO->>>>>>>>>>>>>>>>>>>>>>>>>>>>>>>>>>>>>>>> Data Transformation <<<<<<<<<<<<<<<<<<<<<<<<<<<<<<<<<<<<<<<<
[2023-03-11 23:04:16,143 ] 75 root-INFO-Before resampling in training set Input: (27000, 24) Target:(27000,)
[2023-03-11 23:04:17,798 ] 77 root-INFO-After resampling in training set Input: (41520, 24) Target:(41520,)
[2023-03-11 23:04:17,798 ] 79 root-INFO-Before resampling in testing set Input: (3000, 24) Target:(3000,)
[2023-03-11 23:04:18,047 ] 81 root-INFO-After resampling in testing set Input: (4610, 24) Target:(4610,)
[2023-03-11 23:04:18,062 ] 44 root-INFO-Entered the save_object method of utils
[2023-03-11 23:04:18,066 ] 48 root-INFO-Exited the save_object method of utils
[2023-03-11 23:04:18,066 ] 44 root-INFO-Entered the save_object method of utils
[2023-03-11 23:04:18,066 ] 48 root-INFO-Exited the save_object method of utils
[2023-03-11 23:04:18,066 ] 112 root-INFO-Data transformation object DataTransformationArtifact(transform_object_path='/config/workspace/artifact/03112023__230411/data_transformation/transformer/transformer.pkl', transformed_train_path='/config/workspace/artifact/03112023__230411/data_transformation/transformed/train.npz', transformed_test_path='/config/workspace/artifact/03112023__230411/data_transformation/transformed/test.npz', target_encoder_path='/config/workspace/artifact/03112023__230411/data_transformation/target_encoder/target_encoder.pkl')
[2023-03-11 23:04:18,069 ] 18 root-INFO->>>>>>>>>>>>>>>>>>>>>>>>>>>>>>>>>>>>>>>> Model Trainer <<<<<<<<<<<<<<<<<<<<<<<<<<<<<<<<<<<<<<<<
[2023-03-11 23:04:18,070 ] 45 root-INFO-Loading train and test array.
[2023-03-11 23:04:18,078 ] 49 root-INFO-Splitting input and target feature from both train and test arr.
[2023-03-11 23:04:18,079 ] 53 root-INFO-Train the model
[2023-03-11 23:04:33,741 ] 56 root-INFO-Calculating f1 train score
[2023-03-11 23:04:34,803 ] 60 root-INFO-Calculating f1 test score
[2023-03-11 23:04:34,941 ] 64 root-INFO-train score:1.0 and tests score 0.793545325106787
[2023-03-11 23:04:34,941 ] 66 root-INFO-Checking if our model is underfitting or not
[2023-03-11 23:04:34,941 ] 71 root-INFO-Checking if our model is overfiiting or not
[2023-03-11 23:04:34,942 ] 78 root-INFO-Saving mode object
[2023-03-11 23:04:34,942 ] 44 root-INFO-Entered the save_object method of utils
[2023-03-11 23:04:35,094 ] 48 root-INFO-Exited the save_object method of utils
[2023-03-11 23:04:35,094 ] 82 root-INFO-Prepare the artifact
[2023-03-11 23:04:35,094 ] 85 root-INFO-Model trainer artifact: ModelTrainerArtifact(model_path='/config/workspace/artifact/03112023__230411/model_trainer/model/model.pkl', f1_train_score=1.0, f1_test_score=0.793545325106787)
[2023-03-11 23:04:35,094 ] 19 root-INFO->>>>>>>>>>>>>>>>>>>>>>>>>>>>>>>>>>>>>>>>  Model Evaluation <<<<<<<<<<<<<<<<<<<<<<<<<<<<<<<<<<<<<<<<
[2023-03-11 23:04:35,094 ] 35 root-INFO-if saved model folder has model the we will compare which model is best trained or the model from saved model folder
[2023-03-11 23:04:35,095 ] 46 root-INFO-Finding location of transformer model and target encoder
[2023-03-11 23:04:35,095 ] 51 root-INFO-Previous trained objects of transformer, model and target encoder
[2023-03-11 23:04:35,145 ] 58 root-INFO-Currently trained model objects
[2023-03-11 23:04:35,337 ] 15 root-INFO-Creating model resolver object
[2023-03-11 23:04:35,337 ] 17 root-INFO-Reading file :/config/workspace/UCI_Credit_Card.csv
[2023-03-11 23:04:35,404 ] 22 root-INFO-Loading transformer to transform dataset
[2023-03-11 23:04:35,416 ] 28 root-INFO-Loading model to make prediction
[2023-03-11 23:04:36,230 ] 32 root-INFO-Target encoder to convert predicted column into categorical
