[2023-03-11 22:39:08,471 ] 14 root-INFO->>>>>>>>>>>>>>>>>>>>>>>>>>>>>>>>>>>>>>>> Data Ingestion <<<<<<<<<<<<<<<<<<<<<<<<<<<<<<<<<<<<<<<<
[2023-03-11 22:39:08,472 ] 21 root-INFO-Exporting collection data as pandas dataframe
[2023-03-11 22:39:08,958 ] 14 root-INFO-Found columns: Index(['_id', 'ID', 'LIMIT_BAL', 'SEX', 'EDUCATION', 'MARRIAGE', 'AGE',
       'PAY_0', 'PAY_2', 'PAY_3', 'PAY_4', 'PAY_5', 'PAY_6', 'BILL_AMT1',
       'BILL_AMT2', 'BILL_AMT3', 'BILL_AMT4', 'BILL_AMT5', 'BILL_AMT6',
       'PAY_AMT1', 'PAY_AMT2', 'PAY_AMT3', 'PAY_AMT4', 'PAY_AMT5', 'PAY_AMT6',
       'default.payment.next.month'],
      dtype='object')
[2023-03-11 22:39:08,958 ] 16 root-INFO-Dropping column: _id 
[2023-03-11 22:39:08,969 ] 18 root-INFO-Row and columns in df: (30000, 25)
[2023-03-11 22:39:08,969 ] 27 root-INFO-Save data in feature store
[2023-03-11 22:39:08,969 ] 32 root-INFO-Create feature store folder if not available
[2023-03-11 22:39:08,969 ] 36 root-INFO-Save df to feature store folder
[2023-03-11 22:39:09,470 ] 41 root-INFO-split dataset into train and test set
[2023-03-11 22:39:09,478 ] 45 root-INFO-create dataset directory folder if not available
[2023-03-11 22:39:09,478 ] 50 root-INFO-Save df to feature store folder
[2023-03-11 22:39:09,966 ] 62 root-INFO-Data ingestion artifact: DataIngestionArtifact(feature_store_file_path='/config/workspace/artifact/03112023__223908/data_ingestion/feature_store/default.csv', train_file_path='/config/workspace/artifact/03112023__223908/data_ingestion/dataset/train.csv', test_file_path='/config/workspace/artifact/03112023__223908/data_ingestion/dataset/test.csv')
[2023-03-11 22:39:09,967 ] 21 root-INFO-Exporting collection data as pandas dataframe
[2023-03-11 22:39:10,529 ] 14 root-INFO-Found columns: Index(['_id', 'ID', 'LIMIT_BAL', 'SEX', 'EDUCATION', 'MARRIAGE', 'AGE',
       'PAY_0', 'PAY_2', 'PAY_3', 'PAY_4', 'PAY_5', 'PAY_6', 'BILL_AMT1',
       'BILL_AMT2', 'BILL_AMT3', 'BILL_AMT4', 'BILL_AMT5', 'BILL_AMT6',
       'PAY_AMT1', 'PAY_AMT2', 'PAY_AMT3', 'PAY_AMT4', 'PAY_AMT5', 'PAY_AMT6',
       'default.payment.next.month'],
      dtype='object')
[2023-03-11 22:39:10,529 ] 16 root-INFO-Dropping column: _id 
[2023-03-11 22:39:10,539 ] 18 root-INFO-Row and columns in df: (30000, 25)
[2023-03-11 22:39:10,539 ] 27 root-INFO-Save data in feature store
[2023-03-11 22:39:10,539 ] 32 root-INFO-Create feature store folder if not available
[2023-03-11 22:39:10,540 ] 36 root-INFO-Save df to feature store folder
[2023-03-11 22:39:11,025 ] 41 root-INFO-split dataset into train and test set
[2023-03-11 22:39:11,030 ] 45 root-INFO-create dataset directory folder if not available
[2023-03-11 22:39:11,030 ] 50 root-INFO-Save df to feature store folder
[2023-03-11 22:39:11,519 ] 62 root-INFO-Data ingestion artifact: DataIngestionArtifact(feature_store_file_path='/config/workspace/artifact/03112023__223908/data_ingestion/feature_store/default.csv', train_file_path='/config/workspace/artifact/03112023__223908/data_ingestion/dataset/train.csv', test_file_path='/config/workspace/artifact/03112023__223908/data_ingestion/dataset/test.csv')
[2023-03-11 22:39:11,519 ] 19 root-INFO->>>>>>>>>>>>>>>>>>>>>>>>>>>>>>>>>>>>>>>> Data Validation <<<<<<<<<<<<<<<<<<<<<<<<<<<<<<<<<<<<<<<<
[2023-03-11 22:39:11,520 ] 107 root-INFO-Reading base dataframe
[2023-03-11 22:39:11,584 ] 40 root-INFO-selecting column name which contains null above to 0.2
[2023-03-11 22:39:11,585 ] 43 root-INFO-Columns to drop: []
[2023-03-11 22:39:11,586 ] 113 root-INFO-Reading train dataframe
[2023-03-11 22:39:11,686 ] 115 root-INFO-Reading test dataframe
[2023-03-11 22:39:11,698 ] 118 root-INFO-Drop null values colums from train df
[2023-03-11 22:39:11,700 ] 40 root-INFO-selecting column name which contains null above to 0.2
[2023-03-11 22:39:11,700 ] 43 root-INFO-Columns to drop: []
[2023-03-11 22:39:11,704 ] 120 root-INFO-Drop null values colums from test df
[2023-03-11 22:39:11,705 ] 40 root-INFO-selecting column name which contains null above to 0.2
[2023-03-11 22:39:11,705 ] 43 root-INFO-Columns to drop: []
[2023-03-11 22:39:11,740 ] 129 root-INFO-Is all required columns present in train df
[2023-03-11 22:39:11,741 ] 131 root-INFO-Is all required columns present in test df
[2023-03-11 22:39:11,741 ] 135 root-INFO-As all column are available in train df hence detecting data drift
[2023-03-11 22:39:11,741 ] 85 root-INFO-Hypothesis ID: float64, float64 
[2023-03-11 22:39:11,776 ] 85 root-INFO-Hypothesis LIMIT_BAL: float64, float64 
[2023-03-11 22:39:11,810 ] 85 root-INFO-Hypothesis SEX: float64, float64 
[2023-03-11 22:39:11,841 ] 85 root-INFO-Hypothesis EDUCATION: float64, float64 
[2023-03-11 22:39:11,875 ] 85 root-INFO-Hypothesis MARRIAGE: float64, float64 
[2023-03-11 22:39:11,907 ] 85 root-INFO-Hypothesis AGE: float64, float64 
[2023-03-11 22:39:11,941 ] 85 root-INFO-Hypothesis PAY_0: float64, float64 
[2023-03-11 22:39:11,974 ] 85 root-INFO-Hypothesis PAY_2: float64, float64 
[2023-03-11 22:39:12,007 ] 85 root-INFO-Hypothesis PAY_3: float64, float64 
[2023-03-11 22:39:12,041 ] 85 root-INFO-Hypothesis PAY_4: float64, float64 
[2023-03-11 22:39:12,073 ] 85 root-INFO-Hypothesis PAY_5: float64, float64 
[2023-03-11 22:39:12,107 ] 85 root-INFO-Hypothesis PAY_6: float64, float64 
[2023-03-11 22:39:12,139 ] 85 root-INFO-Hypothesis BILL_AMT1: float64, float64 
[2023-03-11 22:39:12,177 ] 85 root-INFO-Hypothesis BILL_AMT2: float64, float64 
[2023-03-11 22:39:12,213 ] 85 root-INFO-Hypothesis BILL_AMT3: float64, float64 
[2023-03-11 22:39:12,251 ] 85 root-INFO-Hypothesis BILL_AMT4: float64, float64 
[2023-03-11 22:39:12,288 ] 85 root-INFO-Hypothesis BILL_AMT5: float64, float64 
[2023-03-11 22:39:12,325 ] 85 root-INFO-Hypothesis BILL_AMT6: float64, float64 
[2023-03-11 22:39:12,363 ] 85 root-INFO-Hypothesis PAY_AMT1: float64, float64 
[2023-03-11 22:39:12,399 ] 85 root-INFO-Hypothesis PAY_AMT2: float64, float64 
[2023-03-11 22:39:12,407 ] 85 root-INFO-Hypothesis PAY_AMT3: float64, float64 
[2023-03-11 22:39:12,443 ] 85 root-INFO-Hypothesis PAY_AMT4: float64, float64 
[2023-03-11 22:39:12,480 ] 85 root-INFO-Hypothesis PAY_AMT5: float64, float64 
[2023-03-11 22:39:12,516 ] 85 root-INFO-Hypothesis PAY_AMT6: float64, float64 
[2023-03-11 22:39:12,551 ] 85 root-INFO-Hypothesis default.payment.next.month: int64, float64 
[2023-03-11 22:39:12,583 ] 138 root-INFO-As all column are available in test df hence detecting data drift
[2023-03-11 22:39:12,583 ] 85 root-INFO-Hypothesis ID: float64, float64 
[2023-03-11 22:39:12,586 ] 85 root-INFO-Hypothesis LIMIT_BAL: float64, float64 
[2023-03-11 22:39:12,590 ] 85 root-INFO-Hypothesis SEX: float64, float64 
[2023-03-11 22:39:12,598 ] 85 root-INFO-Hypothesis EDUCATION: float64, float64 
[2023-03-11 22:39:12,601 ] 85 root-INFO-Hypothesis MARRIAGE: float64, float64 
[2023-03-11 22:39:12,604 ] 85 root-INFO-Hypothesis AGE: float64, float64 
[2023-03-11 22:39:12,607 ] 85 root-INFO-Hypothesis PAY_0: float64, float64 
[2023-03-11 22:39:12,616 ] 85 root-INFO-Hypothesis PAY_2: float64, float64 
[2023-03-11 22:39:12,619 ] 85 root-INFO-Hypothesis PAY_3: float64, float64 
[2023-03-11 22:39:12,622 ] 85 root-INFO-Hypothesis PAY_4: float64, float64 
[2023-03-11 22:39:12,625 ] 85 root-INFO-Hypothesis PAY_5: float64, float64 
[2023-03-11 22:39:12,628 ] 85 root-INFO-Hypothesis PAY_6: float64, float64 
[2023-03-11 22:39:12,637 ] 85 root-INFO-Hypothesis BILL_AMT1: float64, float64 
[2023-03-11 22:39:12,642 ] 85 root-INFO-Hypothesis BILL_AMT2: float64, float64 
[2023-03-11 22:39:12,647 ] 85 root-INFO-Hypothesis BILL_AMT3: float64, float64 
[2023-03-11 22:39:12,652 ] 85 root-INFO-Hypothesis BILL_AMT4: float64, float64 
[2023-03-11 22:39:12,657 ] 85 root-INFO-Hypothesis BILL_AMT5: float64, float64 
[2023-03-11 22:39:12,662 ] 85 root-INFO-Hypothesis BILL_AMT6: float64, float64 
[2023-03-11 22:39:12,667 ] 85 root-INFO-Hypothesis PAY_AMT1: float64, float64 
[2023-03-11 22:39:12,672 ] 85 root-INFO-Hypothesis PAY_AMT2: float64, float64 
[2023-03-11 22:39:12,677 ] 85 root-INFO-Hypothesis PAY_AMT3: float64, float64 
[2023-03-11 22:39:12,681 ] 85 root-INFO-Hypothesis PAY_AMT4: float64, float64 
[2023-03-11 22:39:12,686 ] 85 root-INFO-Hypothesis PAY_AMT5: float64, float64 
[2023-03-11 22:39:12,690 ] 85 root-INFO-Hypothesis PAY_AMT6: float64, float64 
[2023-03-11 22:39:12,695 ] 85 root-INFO-Hypothesis default.payment.next.month: int64, float64 
[2023-03-11 22:39:12,703 ] 142 root-INFO-Write report in yaml file
[2023-03-11 22:39:12,715 ] 147 root-INFO-Data validation artifact: DataValidationArtifact(report_file_path='/config/workspace/artifact/03112023__223908/data_validation/report.yaml')
[2023-03-11 22:39:12,715 ] 24 root-INFO->>>>>>>>>>>>>>>>>>>>>>>>>>>>>>>>>>>>>>>> Data Transformation <<<<<<<<<<<<<<<<<<<<<<<<<<<<<<<<<<<<<<<<
[2023-03-11 22:39:12,853 ] 75 root-INFO-Before resampling in training set Input: (27000, 24) Target:(27000,)
[2023-03-11 22:39:14,970 ] 77 root-INFO-After resampling in training set Input: (41520, 24) Target:(41520,)
[2023-03-11 22:39:14,970 ] 79 root-INFO-Before resampling in testing set Input: (3000, 24) Target:(3000,)
[2023-03-11 22:39:15,215 ] 81 root-INFO-After resampling in testing set Input: (4610, 24) Target:(4610,)
[2023-03-11 22:39:15,229 ] 44 root-INFO-Entered the save_object method of utils
[2023-03-11 22:39:15,233 ] 48 root-INFO-Exited the save_object method of utils
[2023-03-11 22:39:15,233 ] 44 root-INFO-Entered the save_object method of utils
[2023-03-11 22:39:15,233 ] 48 root-INFO-Exited the save_object method of utils
[2023-03-11 22:39:15,234 ] 112 root-INFO-Data transformation object DataTransformationArtifact(transform_object_path='/config/workspace/artifact/03112023__223908/data_transformation/transformer/transformer.pkl', transformed_train_path='/config/workspace/artifact/03112023__223908/data_transformation/transformed/train.npz', transformed_test_path='/config/workspace/artifact/03112023__223908/data_transformation/transformed/test.npz', target_encoder_path='/config/workspace/artifact/03112023__223908/data_transformation/target_encoder/target_encoder.pkl')
[2023-03-11 22:39:15,236 ] 18 root-INFO->>>>>>>>>>>>>>>>>>>>>>>>>>>>>>>>>>>>>>>> Model Trainer <<<<<<<<<<<<<<<<<<<<<<<<<<<<<<<<<<<<<<<<
[2023-03-11 22:39:15,236 ] 45 root-INFO-Loading train and test array.
[2023-03-11 22:39:15,247 ] 49 root-INFO-Splitting input and target feature from both train and test arr.
[2023-03-11 22:39:15,247 ] 53 root-INFO-Train the model
[2023-03-11 22:39:30,935 ] 56 root-INFO-Calculating f1 train score
[2023-03-11 22:39:31,993 ] 60 root-INFO-Calculating f1 test score
[2023-03-11 22:39:32,131 ] 64 root-INFO-train score:0.9999518327633543 and tests score 0.7905982905982907
[2023-03-11 22:39:32,131 ] 66 root-INFO-Checking if our model is underfitting or not
[2023-03-11 22:39:32,131 ] 71 root-INFO-Checking if our model is overfiiting or not
[2023-03-11 22:39:32,131 ] 78 root-INFO-Saving mode object
[2023-03-11 22:39:32,131 ] 44 root-INFO-Entered the save_object method of utils
[2023-03-11 22:39:32,296 ] 48 root-INFO-Exited the save_object method of utils
[2023-03-11 22:39:32,296 ] 82 root-INFO-Prepare the artifact
[2023-03-11 22:39:32,296 ] 85 root-INFO-Model trainer artifact: ModelTrainerArtifact(model_path='/config/workspace/artifact/03112023__223908/model_trainer/model/model.pkl', f1_train_score=0.9999518327633543, f1_test_score=0.7905982905982907)
[2023-03-11 22:39:32,299 ] 19 root-INFO->>>>>>>>>>>>>>>>>>>>>>>>>>>>>>>>>>>>>>>>  Model Evaluation <<<<<<<<<<<<<<<<<<<<<<<<<<<<<<<<<<<<<<<<
[2023-03-11 22:39:32,299 ] 35 root-INFO-if saved model folder has model the we will compare which model is best trained or the model from saved model folder
[2023-03-11 22:39:32,299 ] 46 root-INFO-Finding location of transformer model and target encoder
[2023-03-11 22:39:32,299 ] 51 root-INFO-Previous trained objects of transformer, model and target encoder
[2023-03-11 22:39:32,362 ] 58 root-INFO-Currently trained model objects
[2023-03-11 22:39:32,555 ] 15 root-INFO-Creating model resolver object
[2023-03-11 22:39:32,555 ] 17 root-INFO-Reading file :/config/workspace/UCI_Credit_Card.csv
[2023-03-11 22:39:32,629 ] 22 root-INFO-Loading transformer to transform dataset
[2023-03-11 22:39:32,641 ] 28 root-INFO-Loading model to make prediction
[2023-03-11 22:39:33,451 ] 32 root-INFO-Target encoder to convert predicted column into categorical
