[2023-03-11 23:22:48,744 ] 14 root-INFO->>>>>>>>>>>>>>>>>>>>>>>>>>>>>>>>>>>>>>>> Data Ingestion <<<<<<<<<<<<<<<<<<<<<<<<<<<<<<<<<<<<<<<<
[2023-03-11 23:22:48,744 ] 21 root-INFO-Exporting collection data as pandas dataframe
[2023-03-11 23:22:49,227 ] 14 root-INFO-Found columns: Index(['_id', 'ID', 'LIMIT_BAL', 'SEX', 'EDUCATION', 'MARRIAGE', 'AGE',
       'PAY_0', 'PAY_2', 'PAY_3', 'PAY_4', 'PAY_5', 'PAY_6', 'BILL_AMT1',
       'BILL_AMT2', 'BILL_AMT3', 'BILL_AMT4', 'BILL_AMT5', 'BILL_AMT6',
       'PAY_AMT1', 'PAY_AMT2', 'PAY_AMT3', 'PAY_AMT4', 'PAY_AMT5', 'PAY_AMT6',
       'default.payment.next.month'],
      dtype='object')
[2023-03-11 23:22:49,227 ] 16 root-INFO-Dropping column: ID 
[2023-03-11 23:22:49,238 ] 18 root-INFO-Row and columns in df: (30000, 25)
[2023-03-11 23:22:49,238 ] 27 root-INFO-Save data in feature store
[2023-03-11 23:22:49,238 ] 32 root-INFO-Create feature store folder if not available
[2023-03-11 23:22:49,239 ] 36 root-INFO-Save df to feature store folder
[2023-03-11 23:22:49,780 ] 41 root-INFO-split dataset into train and test set
[2023-03-11 23:22:49,796 ] 45 root-INFO-create dataset directory folder if not available
[2023-03-11 23:22:49,797 ] 50 root-INFO-Save df to feature store folder
[2023-03-11 23:22:50,333 ] 62 root-INFO-Data ingestion artifact: DataIngestionArtifact(feature_store_file_path='/config/workspace/artifact/03112023__232248/data_ingestion/feature_store/default.csv', train_file_path='/config/workspace/artifact/03112023__232248/data_ingestion/dataset/train.csv', test_file_path='/config/workspace/artifact/03112023__232248/data_ingestion/dataset/test.csv')
[2023-03-11 23:22:50,334 ] 21 root-INFO-Exporting collection data as pandas dataframe
[2023-03-11 23:22:50,937 ] 14 root-INFO-Found columns: Index(['_id', 'ID', 'LIMIT_BAL', 'SEX', 'EDUCATION', 'MARRIAGE', 'AGE',
       'PAY_0', 'PAY_2', 'PAY_3', 'PAY_4', 'PAY_5', 'PAY_6', 'BILL_AMT1',
       'BILL_AMT2', 'BILL_AMT3', 'BILL_AMT4', 'BILL_AMT5', 'BILL_AMT6',
       'PAY_AMT1', 'PAY_AMT2', 'PAY_AMT3', 'PAY_AMT4', 'PAY_AMT5', 'PAY_AMT6',
       'default.payment.next.month'],
      dtype='object')
[2023-03-11 23:22:50,938 ] 16 root-INFO-Dropping column: ID 
[2023-03-11 23:22:50,947 ] 18 root-INFO-Row and columns in df: (30000, 25)
[2023-03-11 23:22:50,948 ] 27 root-INFO-Save data in feature store
[2023-03-11 23:22:50,948 ] 32 root-INFO-Create feature store folder if not available
[2023-03-11 23:22:50,948 ] 36 root-INFO-Save df to feature store folder
[2023-03-11 23:22:51,491 ] 41 root-INFO-split dataset into train and test set
[2023-03-11 23:22:51,497 ] 45 root-INFO-create dataset directory folder if not available
[2023-03-11 23:22:51,498 ] 50 root-INFO-Save df to feature store folder
[2023-03-11 23:22:52,025 ] 62 root-INFO-Data ingestion artifact: DataIngestionArtifact(feature_store_file_path='/config/workspace/artifact/03112023__232248/data_ingestion/feature_store/default.csv', train_file_path='/config/workspace/artifact/03112023__232248/data_ingestion/dataset/train.csv', test_file_path='/config/workspace/artifact/03112023__232248/data_ingestion/dataset/test.csv')
[2023-03-11 23:22:52,025 ] 19 root-INFO->>>>>>>>>>>>>>>>>>>>>>>>>>>>>>>>>>>>>>>> Data Validation <<<<<<<<<<<<<<<<<<<<<<<<<<<<<<<<<<<<<<<<
[2023-03-11 23:22:52,025 ] 107 root-INFO-Reading base dataframe
[2023-03-11 23:22:52,085 ] 40 root-INFO-selecting column name which contains null above to 0.2
[2023-03-11 23:22:52,085 ] 43 root-INFO-Columns to drop: []
[2023-03-11 23:22:52,087 ] 113 root-INFO-Reading train dataframe
[2023-03-11 23:22:52,158 ] 115 root-INFO-Reading test dataframe
[2023-03-11 23:22:52,167 ] 118 root-INFO-Drop null values colums from train df
[2023-03-11 23:22:52,169 ] 40 root-INFO-selecting column name which contains null above to 0.2
[2023-03-11 23:22:52,170 ] 43 root-INFO-Columns to drop: []
[2023-03-11 23:22:52,173 ] 120 root-INFO-Drop null values colums from test df
[2023-03-11 23:22:52,174 ] 40 root-INFO-selecting column name which contains null above to 0.2
[2023-03-11 23:22:52,175 ] 43 root-INFO-Columns to drop: []
[2023-03-11 23:22:52,214 ] 129 root-INFO-Is all required columns present in train df
[2023-03-11 23:22:52,214 ] 131 root-INFO-Is all required columns present in test df
[2023-03-11 23:22:52,214 ] 135 root-INFO-As all column are available in train df hence detecting data drift
[2023-03-11 23:22:52,214 ] 85 root-INFO-Hypothesis ID: int64, int64 
[2023-03-11 23:22:52,249 ] 85 root-INFO-Hypothesis LIMIT_BAL: int64, int64 
[2023-03-11 23:22:52,282 ] 85 root-INFO-Hypothesis SEX: int64, int64 
[2023-03-11 23:22:52,313 ] 85 root-INFO-Hypothesis EDUCATION: int64, int64 
[2023-03-11 23:22:52,347 ] 85 root-INFO-Hypothesis MARRIAGE: int64, int64 
[2023-03-11 23:22:52,380 ] 85 root-INFO-Hypothesis AGE: int64, int64 
[2023-03-11 23:22:52,416 ] 85 root-INFO-Hypothesis PAY_0: int64, int64 
[2023-03-11 23:22:52,449 ] 85 root-INFO-Hypothesis PAY_2: int64, int64 
[2023-03-11 23:22:52,481 ] 85 root-INFO-Hypothesis PAY_3: int64, int64 
[2023-03-11 23:22:52,513 ] 85 root-INFO-Hypothesis PAY_4: int64, int64 
[2023-03-11 23:22:52,546 ] 85 root-INFO-Hypothesis PAY_5: int64, int64 
[2023-03-11 23:22:52,579 ] 85 root-INFO-Hypothesis PAY_6: int64, int64 
[2023-03-11 23:22:52,612 ] 85 root-INFO-Hypothesis BILL_AMT1: int64, int64 
[2023-03-11 23:22:52,648 ] 85 root-INFO-Hypothesis BILL_AMT2: int64, int64 
[2023-03-11 23:22:52,684 ] 85 root-INFO-Hypothesis BILL_AMT3: int64, int64 
[2023-03-11 23:22:52,721 ] 85 root-INFO-Hypothesis BILL_AMT4: int64, int64 
[2023-03-11 23:22:52,757 ] 85 root-INFO-Hypothesis BILL_AMT5: int64, int64 
[2023-03-11 23:22:52,798 ] 85 root-INFO-Hypothesis BILL_AMT6: int64, int64 
[2023-03-11 23:22:52,834 ] 85 root-INFO-Hypothesis PAY_AMT1: int64, int64 
[2023-03-11 23:22:52,869 ] 85 root-INFO-Hypothesis PAY_AMT2: int64, int64 
[2023-03-11 23:22:52,877 ] 85 root-INFO-Hypothesis PAY_AMT3: int64, int64 
[2023-03-11 23:22:52,911 ] 85 root-INFO-Hypothesis PAY_AMT4: int64, int64 
[2023-03-11 23:22:52,946 ] 85 root-INFO-Hypothesis PAY_AMT5: int64, int64 
[2023-03-11 23:22:52,980 ] 85 root-INFO-Hypothesis PAY_AMT6: int64, int64 
[2023-03-11 23:22:53,014 ] 85 root-INFO-Hypothesis default.payment.next.month: int64, float64 
[2023-03-11 23:22:53,047 ] 138 root-INFO-As all column are available in test df hence detecting data drift
[2023-03-11 23:22:53,047 ] 85 root-INFO-Hypothesis ID: int64, int64 
[2023-03-11 23:22:53,050 ] 85 root-INFO-Hypothesis LIMIT_BAL: int64, int64 
[2023-03-11 23:22:53,053 ] 85 root-INFO-Hypothesis SEX: int64, int64 
[2023-03-11 23:22:53,061 ] 85 root-INFO-Hypothesis EDUCATION: int64, int64 
[2023-03-11 23:22:53,063 ] 85 root-INFO-Hypothesis MARRIAGE: int64, int64 
[2023-03-11 23:22:53,066 ] 85 root-INFO-Hypothesis AGE: int64, int64 
[2023-03-11 23:22:53,069 ] 85 root-INFO-Hypothesis PAY_0: int64, int64 
[2023-03-11 23:22:53,078 ] 85 root-INFO-Hypothesis PAY_2: int64, int64 
[2023-03-11 23:22:53,081 ] 85 root-INFO-Hypothesis PAY_3: int64, int64 
[2023-03-11 23:22:53,084 ] 85 root-INFO-Hypothesis PAY_4: int64, int64 
[2023-03-11 23:22:53,086 ] 85 root-INFO-Hypothesis PAY_5: int64, int64 
[2023-03-11 23:22:53,089 ] 85 root-INFO-Hypothesis PAY_6: int64, int64 
[2023-03-11 23:22:53,098 ] 85 root-INFO-Hypothesis BILL_AMT1: int64, int64 
[2023-03-11 23:22:53,102 ] 85 root-INFO-Hypothesis BILL_AMT2: int64, int64 
[2023-03-11 23:22:53,107 ] 85 root-INFO-Hypothesis BILL_AMT3: int64, int64 
[2023-03-11 23:22:53,111 ] 85 root-INFO-Hypothesis BILL_AMT4: int64, int64 
[2023-03-11 23:22:53,116 ] 85 root-INFO-Hypothesis BILL_AMT5: int64, int64 
[2023-03-11 23:22:53,121 ] 85 root-INFO-Hypothesis BILL_AMT6: int64, int64 
[2023-03-11 23:22:53,125 ] 85 root-INFO-Hypothesis PAY_AMT1: int64, int64 
[2023-03-11 23:22:53,129 ] 85 root-INFO-Hypothesis PAY_AMT2: int64, int64 
[2023-03-11 23:22:53,133 ] 85 root-INFO-Hypothesis PAY_AMT3: int64, int64 
[2023-03-11 23:22:53,138 ] 85 root-INFO-Hypothesis PAY_AMT4: int64, int64 
[2023-03-11 23:22:53,142 ] 85 root-INFO-Hypothesis PAY_AMT5: int64, int64 
[2023-03-11 23:22:53,146 ] 85 root-INFO-Hypothesis PAY_AMT6: int64, int64 
[2023-03-11 23:22:53,150 ] 85 root-INFO-Hypothesis default.payment.next.month: int64, float64 
[2023-03-11 23:22:53,158 ] 142 root-INFO-Write report in yaml file
[2023-03-11 23:22:53,171 ] 147 root-INFO-Data validation artifact: DataValidationArtifact(report_file_path='/config/workspace/artifact/03112023__232248/data_validation/report.yaml')
[2023-03-11 23:22:53,171 ] 24 root-INFO->>>>>>>>>>>>>>>>>>>>>>>>>>>>>>>>>>>>>>>> Data Transformation <<<<<<<<<<<<<<<<<<<<<<<<<<<<<<<<<<<<<<<<
[2023-03-11 23:22:53,320 ] 75 root-INFO-Before resampling in training set Input: (27000, 24) Target:(27000,)
[2023-03-11 23:22:54,913 ] 77 root-INFO-After resampling in training set Input: (41520, 24) Target:(41520,)
[2023-03-11 23:22:54,914 ] 79 root-INFO-Before resampling in testing set Input: (3000, 24) Target:(3000,)
[2023-03-11 23:22:55,154 ] 81 root-INFO-After resampling in testing set Input: (4610, 24) Target:(4610,)
[2023-03-11 23:22:55,168 ] 44 root-INFO-Entered the save_object method of utils
[2023-03-11 23:22:55,171 ] 48 root-INFO-Exited the save_object method of utils
[2023-03-11 23:22:55,171 ] 44 root-INFO-Entered the save_object method of utils
[2023-03-11 23:22:55,172 ] 48 root-INFO-Exited the save_object method of utils
[2023-03-11 23:22:55,172 ] 112 root-INFO-Data transformation object DataTransformationArtifact(transform_object_path='/config/workspace/artifact/03112023__232248/data_transformation/transformer/transformer.pkl', transformed_train_path='/config/workspace/artifact/03112023__232248/data_transformation/transformed/train.npz', transformed_test_path='/config/workspace/artifact/03112023__232248/data_transformation/transformed/test.npz', target_encoder_path='/config/workspace/artifact/03112023__232248/data_transformation/target_encoder/target_encoder.pkl')
[2023-03-11 23:22:55,174 ] 18 root-INFO->>>>>>>>>>>>>>>>>>>>>>>>>>>>>>>>>>>>>>>> Model Trainer <<<<<<<<<<<<<<<<<<<<<<<<<<<<<<<<<<<<<<<<
[2023-03-11 23:22:55,174 ] 45 root-INFO-Loading train and test array.
[2023-03-11 23:22:55,184 ] 49 root-INFO-Splitting input and target feature from both train and test arr.
[2023-03-11 23:22:55,184 ] 53 root-INFO-Train the model
[2023-03-11 23:23:10,800 ] 56 root-INFO-Calculating f1 train score
[2023-03-11 23:23:11,851 ] 60 root-INFO-Calculating f1 test score
[2023-03-11 23:23:11,989 ] 64 root-INFO-train score:1.0 and tests score 0.7923990498812352
[2023-03-11 23:23:11,989 ] 66 root-INFO-Checking if our model is underfitting or not
[2023-03-11 23:23:11,989 ] 71 root-INFO-Checking if our model is overfiiting or not
[2023-03-11 23:23:11,990 ] 78 root-INFO-Saving mode object
[2023-03-11 23:23:11,990 ] 44 root-INFO-Entered the save_object method of utils
[2023-03-11 23:23:12,148 ] 48 root-INFO-Exited the save_object method of utils
[2023-03-11 23:23:12,148 ] 82 root-INFO-Prepare the artifact
[2023-03-11 23:23:12,149 ] 85 root-INFO-Model trainer artifact: ModelTrainerArtifact(model_path='/config/workspace/artifact/03112023__232248/model_trainer/model/model.pkl', f1_train_score=1.0, f1_test_score=0.7923990498812352)
[2023-03-11 23:23:12,149 ] 19 root-INFO->>>>>>>>>>>>>>>>>>>>>>>>>>>>>>>>>>>>>>>>  Model Evaluation <<<<<<<<<<<<<<<<<<<<<<<<<<<<<<<<<<<<<<<<
[2023-03-11 23:23:12,149 ] 35 root-INFO-if saved model folder has model the we will compare which model is best trained or the model from saved model folder
[2023-03-11 23:23:12,149 ] 46 root-INFO-Finding location of transformer model and target encoder
[2023-03-11 23:23:12,149 ] 51 root-INFO-Previous trained objects of transformer, model and target encoder
[2023-03-11 23:23:12,199 ] 58 root-INFO-Currently trained model objects
[2023-03-11 23:23:12,393 ] 76 root-INFO-Accuracy using previous trained model: 0.512355848434926
[2023-03-11 23:23:12,529 ] 15 root-INFO-Creating model resolver object
[2023-03-11 23:23:12,529 ] 17 root-INFO-Reading file :/config/workspace/UCI_Credit_Card.csv
[2023-03-11 23:23:12,586 ] 22 root-INFO-Loading transformer to transform dataset
[2023-03-11 23:23:12,598 ] 28 root-INFO-Loading model to make prediction
[2023-03-11 23:23:13,410 ] 32 root-INFO-Target encoder to convert predicted column into categorical
