[2023-03-11 22:21:10,377 ] 14 root-INFO->>>>>>>>>>>>>>>>>>>>>>>>>>>>>>>>>>>>>>>> Data Ingestion <<<<<<<<<<<<<<<<<<<<<<<<<<<<<<<<<<<<<<<<
[2023-03-11 22:21:10,377 ] 21 root-INFO-Exporting collection data as pandas dataframe
[2023-03-11 22:21:10,849 ] 14 root-INFO-Found columns: Index(['_id', 'ID', 'LIMIT_BAL', 'SEX', 'EDUCATION', 'MARRIAGE', 'AGE',
       'PAY_0', 'PAY_2', 'PAY_3', 'PAY_4', 'PAY_5', 'PAY_6', 'BILL_AMT1',
       'BILL_AMT2', 'BILL_AMT3', 'BILL_AMT4', 'BILL_AMT5', 'BILL_AMT6',
       'PAY_AMT1', 'PAY_AMT2', 'PAY_AMT3', 'PAY_AMT4', 'PAY_AMT5', 'PAY_AMT6',
       'default.payment.next.month'],
      dtype='object')
[2023-03-11 22:21:10,849 ] 16 root-INFO-Dropping column: _id 
[2023-03-11 22:21:10,858 ] 18 root-INFO-Row and columns in df: (30000, 25)
[2023-03-11 22:21:10,858 ] 27 root-INFO-Save data in feature store
[2023-03-11 22:21:10,858 ] 32 root-INFO-Create feature store folder if not available
[2023-03-11 22:21:10,858 ] 36 root-INFO-Save df to feature store folder
[2023-03-11 22:21:11,356 ] 41 root-INFO-split dataset into train and test set
[2023-03-11 22:21:11,363 ] 45 root-INFO-create dataset directory folder if not available
[2023-03-11 22:21:11,364 ] 50 root-INFO-Save df to feature store folder
[2023-03-11 22:21:11,858 ] 62 root-INFO-Data ingestion artifact: DataIngestionArtifact(feature_store_file_path='/config/workspace/artifact/03112023__222110/data_ingestion/feature_store/default.csv', train_file_path='/config/workspace/artifact/03112023__222110/data_ingestion/dataset/train.csv', test_file_path='/config/workspace/artifact/03112023__222110/data_ingestion/dataset/test.csv')
[2023-03-11 22:21:11,859 ] 21 root-INFO-Exporting collection data as pandas dataframe
[2023-03-11 22:21:12,389 ] 14 root-INFO-Found columns: Index(['_id', 'ID', 'LIMIT_BAL', 'SEX', 'EDUCATION', 'MARRIAGE', 'AGE',
       'PAY_0', 'PAY_2', 'PAY_3', 'PAY_4', 'PAY_5', 'PAY_6', 'BILL_AMT1',
       'BILL_AMT2', 'BILL_AMT3', 'BILL_AMT4', 'BILL_AMT5', 'BILL_AMT6',
       'PAY_AMT1', 'PAY_AMT2', 'PAY_AMT3', 'PAY_AMT4', 'PAY_AMT5', 'PAY_AMT6',
       'default.payment.next.month'],
      dtype='object')
[2023-03-11 22:21:12,390 ] 16 root-INFO-Dropping column: _id 
[2023-03-11 22:21:12,398 ] 18 root-INFO-Row and columns in df: (30000, 25)
[2023-03-11 22:21:12,399 ] 27 root-INFO-Save data in feature store
[2023-03-11 22:21:12,399 ] 32 root-INFO-Create feature store folder if not available
[2023-03-11 22:21:12,399 ] 36 root-INFO-Save df to feature store folder
[2023-03-11 22:21:12,898 ] 41 root-INFO-split dataset into train and test set
[2023-03-11 22:21:12,903 ] 45 root-INFO-create dataset directory folder if not available
[2023-03-11 22:21:12,903 ] 50 root-INFO-Save df to feature store folder
[2023-03-11 22:21:13,417 ] 62 root-INFO-Data ingestion artifact: DataIngestionArtifact(feature_store_file_path='/config/workspace/artifact/03112023__222110/data_ingestion/feature_store/default.csv', train_file_path='/config/workspace/artifact/03112023__222110/data_ingestion/dataset/train.csv', test_file_path='/config/workspace/artifact/03112023__222110/data_ingestion/dataset/test.csv')
[2023-03-11 22:21:13,417 ] 19 root-INFO->>>>>>>>>>>>>>>>>>>>>>>>>>>>>>>>>>>>>>>> Data Validation <<<<<<<<<<<<<<<<<<<<<<<<<<<<<<<<<<<<<<<<
[2023-03-11 22:21:13,417 ] 107 root-INFO-Reading base dataframe
[2023-03-11 22:21:13,476 ] 40 root-INFO-selecting column name which contains null above to 0.2
[2023-03-11 22:21:13,477 ] 43 root-INFO-Columns to drop: []
[2023-03-11 22:21:13,478 ] 113 root-INFO-Reading train dataframe
[2023-03-11 22:21:13,543 ] 115 root-INFO-Reading test dataframe
[2023-03-11 22:21:13,558 ] 118 root-INFO-Drop null values colums from train df
[2023-03-11 22:21:13,559 ] 40 root-INFO-selecting column name which contains null above to 0.2
[2023-03-11 22:21:13,560 ] 43 root-INFO-Columns to drop: []
[2023-03-11 22:21:13,563 ] 120 root-INFO-Drop null values colums from test df
[2023-03-11 22:21:13,564 ] 40 root-INFO-selecting column name which contains null above to 0.2
[2023-03-11 22:21:13,565 ] 43 root-INFO-Columns to drop: []
[2023-03-11 22:21:13,601 ] 129 root-INFO-Is all required columns present in train df
[2023-03-11 22:21:13,601 ] 131 root-INFO-Is all required columns present in test df
[2023-03-11 22:21:13,601 ] 135 root-INFO-As all column are available in train df hence detecting data drift
[2023-03-11 22:21:13,602 ] 85 root-INFO-Hypothesis ID: float64, float64 
[2023-03-11 22:21:13,608 ] 85 root-INFO-Hypothesis LIMIT_BAL: float64, float64 
[2023-03-11 22:21:13,640 ] 85 root-INFO-Hypothesis SEX: float64, float64 
[2023-03-11 22:21:13,669 ] 85 root-INFO-Hypothesis EDUCATION: float64, float64 
[2023-03-11 22:21:13,700 ] 85 root-INFO-Hypothesis MARRIAGE: float64, float64 
[2023-03-11 22:21:13,731 ] 85 root-INFO-Hypothesis AGE: float64, float64 
[2023-03-11 22:21:13,763 ] 85 root-INFO-Hypothesis PAY_0: float64, float64 
[2023-03-11 22:21:13,795 ] 85 root-INFO-Hypothesis PAY_2: float64, float64 
[2023-03-11 22:21:13,827 ] 85 root-INFO-Hypothesis PAY_3: float64, float64 
[2023-03-11 22:21:13,857 ] 85 root-INFO-Hypothesis PAY_4: float64, float64 
[2023-03-11 22:21:13,888 ] 85 root-INFO-Hypothesis PAY_5: float64, float64 
[2023-03-11 22:21:13,919 ] 85 root-INFO-Hypothesis PAY_6: float64, float64 
[2023-03-11 22:21:13,950 ] 85 root-INFO-Hypothesis BILL_AMT1: float64, float64 
[2023-03-11 22:21:13,959 ] 85 root-INFO-Hypothesis BILL_AMT2: float64, float64 
[2023-03-11 22:21:13,967 ] 85 root-INFO-Hypothesis BILL_AMT3: float64, float64 
[2023-03-11 22:21:13,976 ] 85 root-INFO-Hypothesis BILL_AMT4: float64, float64 
[2023-03-11 22:21:13,984 ] 85 root-INFO-Hypothesis BILL_AMT5: float64, float64 
[2023-03-11 22:21:14,019 ] 85 root-INFO-Hypothesis BILL_AMT6: float64, float64 
[2023-03-11 22:21:14,054 ] 85 root-INFO-Hypothesis PAY_AMT1: float64, float64 
[2023-03-11 22:21:14,062 ] 85 root-INFO-Hypothesis PAY_AMT2: float64, float64 
[2023-03-11 22:21:14,095 ] 85 root-INFO-Hypothesis PAY_AMT3: float64, float64 
[2023-03-11 22:21:14,103 ] 85 root-INFO-Hypothesis PAY_AMT4: float64, float64 
[2023-03-11 22:21:14,110 ] 85 root-INFO-Hypothesis PAY_AMT5: float64, float64 
[2023-03-11 22:21:14,143 ] 85 root-INFO-Hypothesis PAY_AMT6: float64, float64 
[2023-03-11 22:21:14,150 ] 85 root-INFO-Hypothesis default.payment.next.month: int64, float64 
[2023-03-11 22:21:14,180 ] 138 root-INFO-As all column are available in test df hence detecting data drift
[2023-03-11 22:21:14,181 ] 85 root-INFO-Hypothesis ID: float64, float64 
[2023-03-11 22:21:14,184 ] 85 root-INFO-Hypothesis LIMIT_BAL: float64, float64 
[2023-03-11 22:21:14,188 ] 85 root-INFO-Hypothesis SEX: float64, float64 
[2023-03-11 22:21:14,190 ] 85 root-INFO-Hypothesis EDUCATION: float64, float64 
[2023-03-11 22:21:14,194 ] 85 root-INFO-Hypothesis MARRIAGE: float64, float64 
[2023-03-11 22:21:14,207 ] 85 root-INFO-Hypothesis AGE: float64, float64 
[2023-03-11 22:21:14,211 ] 85 root-INFO-Hypothesis PAY_0: float64, float64 
[2023-03-11 22:21:14,224 ] 85 root-INFO-Hypothesis PAY_2: float64, float64 
[2023-03-11 22:21:14,227 ] 85 root-INFO-Hypothesis PAY_3: float64, float64 
[2023-03-11 22:21:14,241 ] 85 root-INFO-Hypothesis PAY_4: float64, float64 
[2023-03-11 22:21:14,254 ] 85 root-INFO-Hypothesis PAY_5: float64, float64 
[2023-03-11 22:21:14,257 ] 85 root-INFO-Hypothesis PAY_6: float64, float64 
[2023-03-11 22:21:14,271 ] 85 root-INFO-Hypothesis BILL_AMT1: float64, float64 
[2023-03-11 22:21:14,276 ] 85 root-INFO-Hypothesis BILL_AMT2: float64, float64 
[2023-03-11 22:21:14,282 ] 85 root-INFO-Hypothesis BILL_AMT3: float64, float64 
[2023-03-11 22:21:14,288 ] 85 root-INFO-Hypothesis BILL_AMT4: float64, float64 
[2023-03-11 22:21:14,294 ] 85 root-INFO-Hypothesis BILL_AMT5: float64, float64 
[2023-03-11 22:21:14,299 ] 85 root-INFO-Hypothesis BILL_AMT6: float64, float64 
[2023-03-11 22:21:14,305 ] 85 root-INFO-Hypothesis PAY_AMT1: float64, float64 
[2023-03-11 22:21:14,310 ] 85 root-INFO-Hypothesis PAY_AMT2: float64, float64 
[2023-03-11 22:21:14,315 ] 85 root-INFO-Hypothesis PAY_AMT3: float64, float64 
[2023-03-11 22:21:14,320 ] 85 root-INFO-Hypothesis PAY_AMT4: float64, float64 
[2023-03-11 22:21:14,325 ] 85 root-INFO-Hypothesis PAY_AMT5: float64, float64 
[2023-03-11 22:21:14,330 ] 85 root-INFO-Hypothesis PAY_AMT6: float64, float64 
[2023-03-11 22:21:14,335 ] 85 root-INFO-Hypothesis default.payment.next.month: int64, float64 
[2023-03-11 22:21:14,348 ] 142 root-INFO-Write report in yaml file
[2023-03-11 22:21:14,361 ] 147 root-INFO-Data validation artifact: DataValidationArtifact(report_file_path='/config/workspace/artifact/03112023__222110/data_validation/report.yaml')
[2023-03-11 22:21:14,361 ] 24 root-INFO->>>>>>>>>>>>>>>>>>>>>>>>>>>>>>>>>>>>>>>> Data Transformation <<<<<<<<<<<<<<<<<<<<<<<<<<<<<<<<<<<<<<<<
[2023-03-11 22:21:14,499 ] 75 root-INFO-Before resampling in training set Input: (24000, 24) Target:(24000,)
[2023-03-11 22:21:15,907 ] 77 root-INFO-After resampling in training set Input: (36942, 24) Target:(36942,)
[2023-03-11 22:21:15,907 ] 79 root-INFO-Before resampling in testing set Input: (6000, 24) Target:(6000,)
[2023-03-11 22:21:16,311 ] 81 root-INFO-After resampling in testing set Input: (9278, 24) Target:(9278,)
[2023-03-11 22:21:16,326 ] 44 root-INFO-Entered the save_object method of utils
[2023-03-11 22:21:16,329 ] 48 root-INFO-Exited the save_object method of utils
[2023-03-11 22:21:16,330 ] 44 root-INFO-Entered the save_object method of utils
[2023-03-11 22:21:16,330 ] 48 root-INFO-Exited the save_object method of utils
[2023-03-11 22:21:16,330 ] 112 root-INFO-Data transformation object DataTransformationArtifact(transform_object_path='/config/workspace/artifact/03112023__222110/data_transformation/transformer/transformer.pkl', transformed_train_path='/config/workspace/artifact/03112023__222110/data_transformation/transformed/train.npz', transformed_test_path='/config/workspace/artifact/03112023__222110/data_transformation/transformed/test.npz', target_encoder_path='/config/workspace/artifact/03112023__222110/data_transformation/target_encoder/target_encoder.pkl')
[2023-03-11 22:21:16,334 ] 18 root-INFO->>>>>>>>>>>>>>>>>>>>>>>>>>>>>>>>>>>>>>>> Model Trainer <<<<<<<<<<<<<<<<<<<<<<<<<<<<<<<<<<<<<<<<
[2023-03-11 22:21:16,334 ] 45 root-INFO-Loading train and test array.
[2023-03-11 22:21:16,343 ] 49 root-INFO-Splitting input and target feature from both train and test arr.
[2023-03-11 22:21:16,343 ] 53 root-INFO-Train the model
[2023-03-11 22:21:29,943 ] 56 root-INFO-Calculating f1 train score
[2023-03-11 22:21:30,867 ] 60 root-INFO-Calculating f1 test score
[2023-03-11 22:21:31,115 ] 64 root-INFO-train score:0.9999729312725009 and tests score 0.7617324164555435
[2023-03-11 22:21:31,116 ] 66 root-INFO-Checking if our model is underfitting or not
[2023-03-11 22:21:31,116 ] 71 root-INFO-Checking if our model is overfiiting or not
[2023-03-11 22:21:31,123 ] 15 root-INFO-Creating model resolver object
[2023-03-11 22:21:31,123 ] 17 root-INFO-Reading file :/config/workspace/UCI_Credit_Card.csv
[2023-03-11 22:21:31,184 ] 22 root-INFO-Loading transformer to transform dataset
