[2023-03-11 22:17:05,790 ] 14 root-INFO->>>>>>>>>>>>>>>>>>>>>>>>>>>>>>>>>>>>>>>> Data Ingestion <<<<<<<<<<<<<<<<<<<<<<<<<<<<<<<<<<<<<<<<
[2023-03-11 22:17:05,791 ] 21 root-INFO-Exporting collection data as pandas dataframe
[2023-03-11 22:17:06,271 ] 14 root-INFO-Found columns: Index(['_id', 'ID', 'LIMIT_BAL', 'SEX', 'EDUCATION', 'MARRIAGE', 'AGE',
       'PAY_0', 'PAY_2', 'PAY_3', 'PAY_4', 'PAY_5', 'PAY_6', 'BILL_AMT1',
       'BILL_AMT2', 'BILL_AMT3', 'BILL_AMT4', 'BILL_AMT5', 'BILL_AMT6',
       'PAY_AMT1', 'PAY_AMT2', 'PAY_AMT3', 'PAY_AMT4', 'PAY_AMT5', 'PAY_AMT6',
       'default.payment.next.month'],
      dtype='object')
[2023-03-11 22:17:06,271 ] 16 root-INFO-Dropping column: _id 
[2023-03-11 22:17:06,280 ] 18 root-INFO-Row and columns in df: (30000, 25)
[2023-03-11 22:17:06,280 ] 27 root-INFO-Save data in feature store
[2023-03-11 22:17:06,281 ] 32 root-INFO-Create feature store folder if not available
[2023-03-11 22:17:06,281 ] 36 root-INFO-Save df to feature store folder
[2023-03-11 22:17:06,780 ] 41 root-INFO-split dataset into train and test set
[2023-03-11 22:17:06,788 ] 45 root-INFO-create dataset directory folder if not available
[2023-03-11 22:17:06,788 ] 50 root-INFO-Save df to feature store folder
[2023-03-11 22:17:07,278 ] 62 root-INFO-Data ingestion artifact: DataIngestionArtifact(feature_store_file_path='/config/workspace/artifact/03112023__221705/data_ingestion/feature_store/default.csv', train_file_path='/config/workspace/artifact/03112023__221705/data_ingestion/dataset/train.csv', test_file_path='/config/workspace/artifact/03112023__221705/data_ingestion/dataset/test.csv')
[2023-03-11 22:17:07,278 ] 21 root-INFO-Exporting collection data as pandas dataframe
[2023-03-11 22:17:07,815 ] 14 root-INFO-Found columns: Index(['_id', 'ID', 'LIMIT_BAL', 'SEX', 'EDUCATION', 'MARRIAGE', 'AGE',
       'PAY_0', 'PAY_2', 'PAY_3', 'PAY_4', 'PAY_5', 'PAY_6', 'BILL_AMT1',
       'BILL_AMT2', 'BILL_AMT3', 'BILL_AMT4', 'BILL_AMT5', 'BILL_AMT6',
       'PAY_AMT1', 'PAY_AMT2', 'PAY_AMT3', 'PAY_AMT4', 'PAY_AMT5', 'PAY_AMT6',
       'default.payment.next.month'],
      dtype='object')
[2023-03-11 22:17:07,815 ] 16 root-INFO-Dropping column: _id 
[2023-03-11 22:17:07,824 ] 18 root-INFO-Row and columns in df: (30000, 25)
[2023-03-11 22:17:07,824 ] 27 root-INFO-Save data in feature store
[2023-03-11 22:17:07,824 ] 32 root-INFO-Create feature store folder if not available
[2023-03-11 22:17:07,824 ] 36 root-INFO-Save df to feature store folder
[2023-03-11 22:17:08,313 ] 41 root-INFO-split dataset into train and test set
[2023-03-11 22:17:08,318 ] 45 root-INFO-create dataset directory folder if not available
[2023-03-11 22:17:08,318 ] 50 root-INFO-Save df to feature store folder
[2023-03-11 22:17:08,857 ] 62 root-INFO-Data ingestion artifact: DataIngestionArtifact(feature_store_file_path='/config/workspace/artifact/03112023__221705/data_ingestion/feature_store/default.csv', train_file_path='/config/workspace/artifact/03112023__221705/data_ingestion/dataset/train.csv', test_file_path='/config/workspace/artifact/03112023__221705/data_ingestion/dataset/test.csv')
[2023-03-11 22:17:08,857 ] 19 root-INFO->>>>>>>>>>>>>>>>>>>>>>>>>>>>>>>>>>>>>>>> Data Validation <<<<<<<<<<<<<<<<<<<<<<<<<<<<<<<<<<<<<<<<
[2023-03-11 22:17:08,857 ] 107 root-INFO-Reading base dataframe
[2023-03-11 22:17:08,924 ] 40 root-INFO-selecting column name which contains null above to 0.2
[2023-03-11 22:17:08,924 ] 43 root-INFO-Columns to drop: []
[2023-03-11 22:17:08,927 ] 113 root-INFO-Reading train dataframe
[2023-03-11 22:17:08,992 ] 115 root-INFO-Reading test dataframe
[2023-03-11 22:17:09,007 ] 118 root-INFO-Drop null values colums from train df
[2023-03-11 22:17:09,009 ] 40 root-INFO-selecting column name which contains null above to 0.2
[2023-03-11 22:17:09,009 ] 43 root-INFO-Columns to drop: []
[2023-03-11 22:17:09,013 ] 120 root-INFO-Drop null values colums from test df
[2023-03-11 22:17:09,014 ] 40 root-INFO-selecting column name which contains null above to 0.2
[2023-03-11 22:17:09,015 ] 43 root-INFO-Columns to drop: []
[2023-03-11 22:17:09,055 ] 129 root-INFO-Is all required columns present in train df
[2023-03-11 22:17:09,055 ] 131 root-INFO-Is all required columns present in test df
[2023-03-11 22:17:09,055 ] 135 root-INFO-As all column are available in train df hence detecting data drift
[2023-03-11 22:17:09,055 ] 85 root-INFO-Hypothesis ID: float64, float64 
[2023-03-11 22:17:09,062 ] 85 root-INFO-Hypothesis LIMIT_BAL: float64, float64 
[2023-03-11 22:17:09,095 ] 85 root-INFO-Hypothesis SEX: float64, float64 
[2023-03-11 22:17:09,125 ] 85 root-INFO-Hypothesis EDUCATION: float64, float64 
[2023-03-11 22:17:09,155 ] 85 root-INFO-Hypothesis MARRIAGE: float64, float64 
[2023-03-11 22:17:09,185 ] 85 root-INFO-Hypothesis AGE: float64, float64 
[2023-03-11 22:17:09,217 ] 85 root-INFO-Hypothesis PAY_0: float64, float64 
[2023-03-11 22:17:09,247 ] 85 root-INFO-Hypothesis PAY_2: float64, float64 
[2023-03-11 22:17:09,280 ] 85 root-INFO-Hypothesis PAY_3: float64, float64 
[2023-03-11 22:17:09,312 ] 85 root-INFO-Hypothesis PAY_4: float64, float64 
[2023-03-11 22:17:09,343 ] 85 root-INFO-Hypothesis PAY_5: float64, float64 
[2023-03-11 22:17:09,375 ] 85 root-INFO-Hypothesis PAY_6: float64, float64 
[2023-03-11 22:17:09,407 ] 85 root-INFO-Hypothesis BILL_AMT1: float64, float64 
[2023-03-11 22:17:09,415 ] 85 root-INFO-Hypothesis BILL_AMT2: float64, float64 
[2023-03-11 22:17:09,424 ] 85 root-INFO-Hypothesis BILL_AMT3: float64, float64 
[2023-03-11 22:17:09,435 ] 85 root-INFO-Hypothesis BILL_AMT4: float64, float64 
[2023-03-11 22:17:09,445 ] 85 root-INFO-Hypothesis BILL_AMT5: float64, float64 
[2023-03-11 22:17:09,480 ] 85 root-INFO-Hypothesis BILL_AMT6: float64, float64 
[2023-03-11 22:17:09,516 ] 85 root-INFO-Hypothesis PAY_AMT1: float64, float64 
[2023-03-11 22:17:09,524 ] 85 root-INFO-Hypothesis PAY_AMT2: float64, float64 
[2023-03-11 22:17:09,559 ] 85 root-INFO-Hypothesis PAY_AMT3: float64, float64 
[2023-03-11 22:17:09,567 ] 85 root-INFO-Hypothesis PAY_AMT4: float64, float64 
[2023-03-11 22:17:09,574 ] 85 root-INFO-Hypothesis PAY_AMT5: float64, float64 
[2023-03-11 22:17:09,608 ] 85 root-INFO-Hypothesis PAY_AMT6: float64, float64 
[2023-03-11 22:17:09,615 ] 85 root-INFO-Hypothesis default.payment.next.month: int64, float64 
[2023-03-11 22:17:09,645 ] 138 root-INFO-As all column are available in test df hence detecting data drift
[2023-03-11 22:17:09,645 ] 85 root-INFO-Hypothesis ID: float64, float64 
[2023-03-11 22:17:09,649 ] 85 root-INFO-Hypothesis LIMIT_BAL: float64, float64 
[2023-03-11 22:17:09,653 ] 85 root-INFO-Hypothesis SEX: float64, float64 
[2023-03-11 22:17:09,655 ] 85 root-INFO-Hypothesis EDUCATION: float64, float64 
[2023-03-11 22:17:09,659 ] 85 root-INFO-Hypothesis MARRIAGE: float64, float64 
[2023-03-11 22:17:09,671 ] 85 root-INFO-Hypothesis AGE: float64, float64 
[2023-03-11 22:17:09,675 ] 85 root-INFO-Hypothesis PAY_0: float64, float64 
[2023-03-11 22:17:09,689 ] 85 root-INFO-Hypothesis PAY_2: float64, float64 
[2023-03-11 22:17:09,692 ] 85 root-INFO-Hypothesis PAY_3: float64, float64 
[2023-03-11 22:17:09,705 ] 85 root-INFO-Hypothesis PAY_4: float64, float64 
[2023-03-11 22:17:09,719 ] 85 root-INFO-Hypothesis PAY_5: float64, float64 
[2023-03-11 22:17:09,722 ] 85 root-INFO-Hypothesis PAY_6: float64, float64 
[2023-03-11 22:17:09,735 ] 85 root-INFO-Hypothesis BILL_AMT1: float64, float64 
[2023-03-11 22:17:09,741 ] 85 root-INFO-Hypothesis BILL_AMT2: float64, float64 
[2023-03-11 22:17:09,747 ] 85 root-INFO-Hypothesis BILL_AMT3: float64, float64 
[2023-03-11 22:17:09,753 ] 85 root-INFO-Hypothesis BILL_AMT4: float64, float64 
[2023-03-11 22:17:09,758 ] 85 root-INFO-Hypothesis BILL_AMT5: float64, float64 
[2023-03-11 22:17:09,764 ] 85 root-INFO-Hypothesis BILL_AMT6: float64, float64 
[2023-03-11 22:17:09,770 ] 85 root-INFO-Hypothesis PAY_AMT1: float64, float64 
[2023-03-11 22:17:09,775 ] 85 root-INFO-Hypothesis PAY_AMT2: float64, float64 
[2023-03-11 22:17:09,780 ] 85 root-INFO-Hypothesis PAY_AMT3: float64, float64 
[2023-03-11 22:17:09,785 ] 85 root-INFO-Hypothesis PAY_AMT4: float64, float64 
[2023-03-11 22:17:09,790 ] 85 root-INFO-Hypothesis PAY_AMT5: float64, float64 
[2023-03-11 22:17:09,795 ] 85 root-INFO-Hypothesis PAY_AMT6: float64, float64 
[2023-03-11 22:17:09,800 ] 85 root-INFO-Hypothesis default.payment.next.month: int64, float64 
[2023-03-11 22:17:09,813 ] 142 root-INFO-Write report in yaml file
[2023-03-11 22:17:09,825 ] 147 root-INFO-Data validation artifact: DataValidationArtifact(report_file_path='/config/workspace/artifact/03112023__221705/data_validation/report.yaml')
[2023-03-11 22:17:09,826 ] 24 root-INFO->>>>>>>>>>>>>>>>>>>>>>>>>>>>>>>>>>>>>>>> Data Transformation <<<<<<<<<<<<<<<<<<<<<<<<<<<<<<<<<<<<<<<<
[2023-03-11 22:17:09,962 ] 75 root-INFO-Before resampling in training set Input: (24000, 24) Target:(24000,)
[2023-03-11 22:17:11,682 ] 77 root-INFO-After resampling in training set Input: (36942, 24) Target:(36942,)
[2023-03-11 22:17:11,683 ] 79 root-INFO-Before resampling in testing set Input: (6000, 24) Target:(6000,)
[2023-03-11 22:17:12,085 ] 81 root-INFO-After resampling in testing set Input: (9278, 24) Target:(9278,)
[2023-03-11 22:17:12,101 ] 44 root-INFO-Entered the save_object method of utils
[2023-03-11 22:17:12,103 ] 48 root-INFO-Exited the save_object method of utils
[2023-03-11 22:17:12,103 ] 44 root-INFO-Entered the save_object method of utils
[2023-03-11 22:17:12,104 ] 48 root-INFO-Exited the save_object method of utils
[2023-03-11 22:17:12,104 ] 112 root-INFO-Data transformation object DataTransformationArtifact(transform_object_path='/config/workspace/artifact/03112023__221705/data_transformation/transformer/transformer.pkl', transformed_train_path='/config/workspace/artifact/03112023__221705/data_transformation/transformed/train.npz', transformed_test_path='/config/workspace/artifact/03112023__221705/data_transformation/transformed/test.npz', target_encoder_path='/config/workspace/artifact/03112023__221705/data_transformation/target_encoder/target_encoder.pkl')
[2023-03-11 22:17:12,107 ] 18 root-INFO->>>>>>>>>>>>>>>>>>>>>>>>>>>>>>>>>>>>>>>> Model Trainer <<<<<<<<<<<<<<<<<<<<<<<<<<<<<<<<<<<<<<<<
[2023-03-11 22:17:12,107 ] 45 root-INFO-Loading train and test array.
[2023-03-11 22:17:12,116 ] 49 root-INFO-Splitting input and target feature from both train and test arr.
[2023-03-11 22:17:12,116 ] 53 root-INFO-Train the model
[2023-03-11 22:17:25,874 ] 56 root-INFO-Calculating f1 train score
[2023-03-11 22:17:26,789 ] 15 root-INFO-Creating model resolver object
[2023-03-11 22:17:26,789 ] 17 root-INFO-Reading file :/config/workspace/UCI_Credit_Card.csv
[2023-03-11 22:17:26,855 ] 22 root-INFO-Loading transformer to transform dataset
